[1] "BLOCK2020_TAZ1454:"
            GEOID                                                                         NAME variable   blockgroup       tract TAZ1454 SUPERD block_POPULATION
1 060855017001008 Block 1008, Block Group 1, Census Tract 5017, Santa Clara County, California  P1_001N 060855017001 06085501700     560     11                0
2 060855109001003 Block 1003, Block Group 1, Census Tract 5109, Santa Clara County, California  P1_001N 060855109001 06085510900     360      8               81
3 060014351032020  Block 2020, Block Group 2, Census Tract 4351.03, Alameda County, California  P1_001N 060014351032 06001435103     820     17                0
4 060014305003017     Block 3017, Block Group 3, Census Tract 4305, Alameda County, California  P1_001N 060014305003 06001430500     853     17              116
5 060014506071030  Block 1030, Block Group 1, Census Tract 4506.07, Alameda County, California  P1_001N 060014506071 06001450607     739     15                0
6 060014507451018  Block 1018, Block Group 1, Census Tract 4507.45, Alameda County, California  P1_001N 060014507451 06001450745     743     15              140
[1] "Getting data from the 2018-2022 5-year ACS"
[1] "BLOCK2020_TAZ1454:"
            GEOID                                                                         NAME variable   blockgroup       tract TAZ1454 SUPERD block_POPULATION
1 060855017001008 Block 1008, Block Group 1, Census Tract 5017, Santa Clara County, California  P1_001N 060855017001 06085501700     560     11                0
2 060855109001003 Block 1003, Block Group 1, Census Tract 5109, Santa Clara County, California  P1_001N 060855109001 06085510900     360      8               81
3 060014351032020  Block 2020, Block Group 2, Census Tract 4351.03, Alameda County, California  P1_001N 060014351032 06001435103     820     17                0
4 060014305003017     Block 3017, Block Group 3, Census Tract 4305, Alameda County, California  P1_001N 060014305003 06001430500     853     17              116
5 060014506071030  Block 1030, Block Group 1, Census Tract 4506.07, Alameda County, California  P1_001N 060014506071 06001450607     739     15                0
6 060014507451018  Block 1018, Block Group 1, Census Tract 4507.45, Alameda County, California  P1_001N 060014507451 06001450745     743     15              140
[1] "Getting data from the 2018-2022 5-year ACS"
[1] "Sample ACS data:"
# A tibble: 6 × 48
  GEOID        NAME  B19001_001E B19001_001M B28005_001E B28005_001M B01001_003E B01001_003M B01001_027E B01001_027M B03002_003E B03002_003M B03002_004E B03002_004M B03002_006E B03002_006M B03002_002E B03002_002M B03002_012E B03002_012M B25024_002E B25024_002M B25024_003E B25024_003M B25024_004E B25024_004M B25024_005E B25024_005M B25024_006E B25024_006M B25024_007E B25024_007M B25024_008E B25024_008M B25024_009E B25024_009M B25024_010E B25024_010M B25024_011E B25024_011M B08202_002E B08202_002M
  <chr>        <chr>       <dbl>       <dbl>       <dbl>       <dbl>       <dbl>       <dbl>       <dbl>       <dbl>       <dbl>       <dbl>       <dbl>       <dbl>       <dbl>       <dbl>       <dbl>       <dbl>       <dbl>       <dbl>       <dbl>       <dbl>       <dbl>       <dbl>       <dbl>       <dbl>       <dbl>       <dbl>       <dbl>       <dbl>       <dbl>       <dbl>       <dbl>       <dbl>       <dbl>       <dbl>       <dbl>       <dbl>       <dbl>       <dbl>       <dbl>       <dbl>
1 060014001001 Bloc…         711         134        1975         464          52          48          19          22        1450         435          83          94         238         110        1903         464          72          49         704         128          57          55           0          13           0          13           8          13           0          13           0          13           0          13          28          40           0          13          NA          NA
2 060014001002 Bloc…         666         106        1294         222          20          23          42          51         805         213          88          74         239          87        1199         206          95          75         396         112         303          97           0          13           0          13           0          13           0          13           0          13           0          13           0          13           0          13          NA          NA
3 060014002001 Bloc…         421          62         948         178          35          25          40          26         758         157           0          13          70          35         916         168          32          24         343          58           5           7          15          17          18          16           6          10          44          21           0          13           0          13           0          13           0          13          NA          NA
4 060014002002 Bloc…         455          76        1072         189          48          27          46          36         742         185          38          36         181          94        1072         207         127          96         236          47          12          14           8          11          55          31          99          67          60          27           9          12           3           6           0          13           0          13          NA          NA
5 060014003001 Bloc…         485         163        1300         374           0          13          14          27         774         266           0          13         286         190        1196         363         104          86         353         128          15          25          49          63          74          73          13          20           0          13           0          13          19          31           0          13           0          13          NA          NA
6 060014003002 Bloc…        1009         223        1680         429           3          14           4          15         987         235           1           4         121          82        1333         311         374         295         295         153          33          34          52          64         240         137         129          78           0          13         133          71         185          79           0          13           0          13          NA          NA
# ℹ 6 more variables: B08202_003E <dbl>, B08202_003M <dbl>, B08202_004E <dbl>, B08202_004M <dbl>, B08202_005E <dbl>, B08202_005M <dbl>
[1] "ACS data written to outputs."
