08/15/2025 02:43:24 PM - INFO - Reading in the 2010 block shapefile with 109228 rows
08/15/2025 02:43:24 PM - INFO - Reading in crosswalk file: blocks_mazs_tazs_2.5.csv
08/15/2025 02:43:24 PM - INFO - Starting iteration 1 of 5
08/15/2025 02:43:24 PM - INFO - Join block shapefile to crosswalk csv resulting in 109228 rows
08/15/2025 02:43:24 PM - INFO - The Dataframe has the following columns:
08/15/2025 02:43:24 PM - INFO - None
08/15/2025 02:43:24 PM - INFO - blocks_maz_df has length 109228
08/15/2025 02:43:24 PM - INFO - 
  STATEFP10 COUNTYFP10 TRACTCE10 BLOCKCE10          GEOID10  ...     maz     taz    GEOID10_BG GEOID10_TRACT GEOID10_COUNTY
0        06        055    201700      4004  060552017004004  ...  610054  600102  060552017004   06055201700          06055
1        06        055    201700      1013  060552017001013  ...  611025  600006  060552017001   06055201700          06055
2        06        055    201700      4007  060552017004007  ...  610857  600102  060552017004   06055201700          06055
3        06        055    201700      4023  060552017004023  ...  611028  600102  060552017004   06055201700          06055
4        06        055    201403      1023  060552014031023  ...  610051  600097  060552014031   06055201403          06055

[5 rows x 21 columns]
08/15/2025 02:43:25 PM - INFO - blocks_neighbor_df has length 725774
08/15/2025 02:43:25 PM - INFO - 
       src_GEOID10      nbr_GEOID10  LENGTH  NODE_COUNT nbr_GEOID10_BG          GEOID10     maz     taz
0  060014001001000  060014001001001 1838.32           0   060014001001  060014001001001  333453  301054
1  060014001001000  060014001001002 1291.63           0   060014001001  060014001001002  333453  301054
2  060014001001000  060014001001003  148.32           0   060014001001  060014001001003  333453  301054
3  060014001001000  060014001001004  560.54           0   060014001001  060014001001004  333453  301054
4  060014001001000  060014001001005  180.17           0   060014001001  060014001001005  333453  301054
08/15/2025 02:43:25 PM - INFO - Number of unique GEOID10: 109228
08/15/2025 02:43:25 PM - INFO -   Min: 060014001001000
08/15/2025 02:43:25 PM - INFO -   Max: 060979901000010
08/15/2025 02:43:25 PM - INFO - 
08/15/2025 02:43:25 PM - INFO - Number of unique maz: 39586
08/15/2025 02:43:25 PM - INFO -    Min: 10001
08/15/2025 02:43:25 PM - INFO -    Max: 814506
08/15/2025 02:43:25 PM - INFO - 
08/15/2025 02:43:25 PM - INFO - Number of unique taz: 4734
08/15/2025 02:43:25 PM - INFO -    Min: 1
08/15/2025 02:43:25 PM - INFO -    Max: 800210
08/15/2025 02:43:25 PM - INFO - 
08/15/2025 02:43:25 PM - INFO - Verified one taz per maz
08/15/2025 02:43:25 PM - INFO - Verified one GEOID10_COUNTY per maz
08/15/2025 02:43:25 PM - WARNING - Multiple GEOID10_TRACT for a single maz: 1
08/15/2025 02:43:25 PM - WARNING - 
        GEOID10_TRACT
maz                  
718685              2
08/15/2025 02:43:25 PM - INFO - move_small_block_to_neighbor for GEOID10_TRACT
08/15/2025 02:43:25 PM - INFO - Attempting to fix maz 718685
08/15/2025 02:43:25 PM - DEBUG - 
      STATEFP10 COUNTYFP10 TRACTCE10 BLOCKCE10  ...     taz    GEOID10_BG GEOID10_TRACT GEOID10_COUNTY
6812         06        097    151700      2027  ...  700241  060971517002   06097151700          06097
21394        06        097    151503      3011  ...  700241  060971515033   06097151503          06097
22360        06        097    151700      2025  ...  700241  060971517002   06097151700          06097
28172        06        097    151503      3000  ...  700241  060971515033   06097151503          06097
92991        06        097    151700      2029  ...  700241  060971517002   06097151700          06097

[5 rows x 21 columns]
08/15/2025 02:43:25 PM - DEBUG - group 06097151503 has 2 rows and 83.8 percent of land
08/15/2025 02:43:25 PM - DEBUG - 
      STATEFP10 COUNTYFP10 TRACTCE10 BLOCKCE10  ...     taz    GEOID10_BG GEOID10_TRACT GEOID10_COUNTY
21394        06        097    151503      3011  ...  700241  060971515033   06097151503          06097
28172        06        097    151503      3000  ...  700241  060971515033   06097151503          06097

[2 rows x 21 columns]
08/15/2025 02:43:25 PM - DEBUG - group 06097151700 has 3 rows and 16.2 percent of land
08/15/2025 02:43:25 PM - DEBUG - 
      STATEFP10 COUNTYFP10 TRACTCE10 BLOCKCE10  ...     taz    GEOID10_BG GEOID10_TRACT GEOID10_COUNTY
6812         06        097    151700      2027  ...  700241  060971517002   06097151700          06097
22360        06        097    151700      2025  ...  700241  060971517002   06097151700          06097
92991        06        097    151700      2029  ...  700241  060971517002   06097151700          06097

[3 rows x 21 columns]
08/15/2025 02:43:26 PM - DEBUG -   No neighbors in same block group with maz/taz
08/15/2025 02:43:26 PM - DEBUG -   No neighbors in same block group with maz/taz
08/15/2025 02:43:26 PM - DEBUG -   No neighbors in same block group with maz/taz
08/15/2025 02:43:26 PM - INFO - ====> moved 0 blocks to neighbor
08/15/2025 02:43:26 PM - WARNING - Multiple GEOID10_BG for a single maz: 3
08/15/2025 02:43:26 PM - WARNING - 
        GEOID10_BG
maz               
223032           2
411035           2
718685           2
08/15/2025 02:43:26 PM - INFO - move_small_block_to_neighbor for GEOID10_BG
08/15/2025 02:43:26 PM - INFO - Attempting to fix maz 223032
08/15/2025 02:43:26 PM - DEBUG - 
       STATEFP10 COUNTYFP10 TRACTCE10 BLOCKCE10  ...     taz    GEOID10_BG GEOID10_TRACT GEOID10_COUNTY
11907         06        085    512001      2007  ...  200152  060855120012   06085512001          06085
12045         06        085    512001      2002  ...  200152  060855120012   06085512001          06085
14339         06        085    512001      2003  ...  200152  060855120012   06085512001          06085
21510         06        085    512001      1050  ...  200152  060855120011   06085512001          06085
23925         06        085    512001      1056  ...  200152  060855120011   06085512001          06085
27183         06        085    512001      1049  ...  200152  060855120011   06085512001          06085
31459         06        085    512001      1051  ...  200152  060855120011   06085512001          06085
33382         06        085    512001      1046  ...  200152  060855120011   06085512001          06085
34123         06        085    512001      1053  ...  200152  060855120011   06085512001          06085
40953         06        085    512001      2004  ...  200152  060855120012   06085512001          06085
42707         06        085    512001      2000  ...  200152  060855120012   06085512001          06085
43398         06        085    512001      1045  ...  200152  060855120011   06085512001          06085
43620         06        085    512001      2008  ...  200152  060855120012   06085512001          06085
44313         06        085    512001      2005  ...  200152  060855120012   06085512001          06085
58445         06        085    512001      2011  ...  200152  060855120012   06085512001          06085
65792         06        085    512001      1054  ...  200152  060855120011   06085512001          06085
71607         06        085    512001      2006  ...  200152  060855120012   06085512001          06085
78671         06        085    512001      1060  ...  200152  060855120011   06085512001          06085
79101         06        085    512001      2009  ...  200152  060855120012   06085512001          06085
82102         06        085    512001      2010  ...  200152  060855120012   06085512001          06085
96650         06        085    512001      1048  ...  200152  060855120011   06085512001          06085
98761         06        085    512001      1047  ...  200152  060855120011   06085512001          06085
99182         06        085    512001      1052  ...  200152  060855120011   06085512001          06085
103467        06        085    512001      2001  ...  200152  060855120012   06085512001          06085

[24 rows x 21 columns]
08/15/2025 02:43:26 PM - DEBUG - group 060855120011 has 12 rows and 97.9 percent of land
08/15/2025 02:43:26 PM - DEBUG - 
      STATEFP10 COUNTYFP10 TRACTCE10 BLOCKCE10  ...     taz    GEOID10_BG GEOID10_TRACT GEOID10_COUNTY
21510        06        085    512001      1050  ...  200152  060855120011   06085512001          06085
23925        06        085    512001      1056  ...  200152  060855120011   06085512001          06085
27183        06        085    512001      1049  ...  200152  060855120011   06085512001          06085
31459        06        085    512001      1051  ...  200152  060855120011   06085512001          06085
33382        06        085    512001      1046  ...  200152  060855120011   06085512001          06085
34123        06        085    512001      1053  ...  200152  060855120011   06085512001          06085
43398        06        085    512001      1045  ...  200152  060855120011   06085512001          06085
65792        06        085    512001      1054  ...  200152  060855120011   06085512001          06085
78671        06        085    512001      1060  ...  200152  060855120011   06085512001          06085
96650        06        085    512001      1048  ...  200152  060855120011   06085512001          06085
98761        06        085    512001      1047  ...  200152  060855120011   06085512001          06085
99182        06        085    512001      1052  ...  200152  060855120011   06085512001          06085

[12 rows x 21 columns]
08/15/2025 02:43:26 PM - DEBUG - group 060855120012 has 12 rows and 2.1 percent of land
08/15/2025 02:43:26 PM - DEBUG - 
       STATEFP10 COUNTYFP10 TRACTCE10 BLOCKCE10  ...     taz    GEOID10_BG GEOID10_TRACT GEOID10_COUNTY
11907         06        085    512001      2007  ...  200152  060855120012   06085512001          06085
12045         06        085    512001      2002  ...  200152  060855120012   06085512001          06085
14339         06        085    512001      2003  ...  200152  060855120012   06085512001          06085
40953         06        085    512001      2004  ...  200152  060855120012   06085512001          06085
42707         06        085    512001      2000  ...  200152  060855120012   06085512001          06085
43620         06        085    512001      2008  ...  200152  060855120012   06085512001          06085
44313         06        085    512001      2005  ...  200152  060855120012   06085512001          06085
58445         06        085    512001      2011  ...  200152  060855120012   06085512001          06085
71607         06        085    512001      2006  ...  200152  060855120012   06085512001          06085
79101         06        085    512001      2009  ...  200152  060855120012   06085512001          06085
82102         06        085    512001      2010  ...  200152  060855120012   06085512001          06085
103467        06        085    512001      2001  ...  200152  060855120012   06085512001          06085

[12 rows x 21 columns]
08/15/2025 02:43:26 PM - DEBUG -   No neighbors in same block group with maz/taz
08/15/2025 02:43:26 PM - DEBUG -   No neighbors in same block group with maz/taz
08/15/2025 02:43:26 PM - DEBUG -   No neighbors in same block group with maz/taz
08/15/2025 02:43:26 PM - DEBUG -   No neighbors in same block group with maz/taz
08/15/2025 02:43:26 PM - DEBUG -   No neighbors in same block group with maz/taz
08/15/2025 02:43:26 PM - DEBUG -   No neighbors in same block group with maz/taz
08/15/2025 02:43:26 PM - DEBUG -   No neighbors in same block group with maz/taz
08/15/2025 02:43:26 PM - DEBUG -   No neighbors in same block group with maz/taz
08/15/2025 02:43:26 PM - DEBUG -   No neighbors in same block group with maz/taz
08/15/2025 02:43:26 PM - DEBUG -   No neighbors in same block group with maz/taz
08/15/2025 02:43:26 PM - DEBUG -   No neighbors in same block group with maz/taz
08/15/2025 02:43:26 PM - DEBUG -   No neighbors in same block group with maz/taz
08/15/2025 02:43:26 PM - INFO - Attempting to fix maz 411035
08/15/2025 02:43:26 PM - DEBUG - 
       STATEFP10 COUNTYFP10 TRACTCE10 BLOCKCE10  ...     taz    GEOID10_BG GEOID10_TRACT GEOID10_COUNTY
25347         06        013    380000      3022  ...  400461  060133800003   06013380000          06013
27226         06        013    380000      3025  ...  400461  060133800003   06013380000          06013
45112         06        013    380000      1030  ...  400461  060133800001   06013380000          06013
81307         06        013    380000      3021  ...  400461  060133800003   06013380000          06013
98945         06        013    380000      3024  ...  400461  060133800003   06013380000          06013
106972        06        013    380000      3023  ...  400461  060133800003   06013380000          06013

[6 rows x 21 columns]
08/15/2025 02:43:26 PM - DEBUG - group 060133800001 has 1 rows and 0.3 percent of land
08/15/2025 02:43:26 PM - DEBUG - 
      STATEFP10 COUNTYFP10 TRACTCE10 BLOCKCE10  ...     taz    GEOID10_BG GEOID10_TRACT GEOID10_COUNTY
45112        06        013    380000      1030  ...  400461  060133800001   06013380000          06013

[1 rows x 21 columns]
08/15/2025 02:43:26 PM - DEBUG -   No neighbors in same block group with maz/taz
08/15/2025 02:43:26 PM - DEBUG - group 060133800003 has 5 rows and 99.7 percent of land
08/15/2025 02:43:26 PM - DEBUG - 
       STATEFP10 COUNTYFP10 TRACTCE10 BLOCKCE10  ...     taz    GEOID10_BG GEOID10_TRACT GEOID10_COUNTY
25347         06        013    380000      3022  ...  400461  060133800003   06013380000          06013
27226         06        013    380000      3025  ...  400461  060133800003   06013380000          06013
81307         06        013    380000      3021  ...  400461  060133800003   06013380000          06013
98945         06        013    380000      3024  ...  400461  060133800003   06013380000          06013
106972        06        013    380000      3023  ...  400461  060133800003   06013380000          06013

[5 rows x 21 columns]
08/15/2025 02:43:26 PM - INFO - Attempting to fix maz 718685
08/15/2025 02:43:26 PM - DEBUG - 
      STATEFP10 COUNTYFP10 TRACTCE10 BLOCKCE10  ...     taz    GEOID10_BG GEOID10_TRACT GEOID10_COUNTY
6812         06        097    151700      2027  ...  700241  060971517002   06097151700          06097
21394        06        097    151503      3011  ...  700241  060971515033   06097151503          06097
22360        06        097    151700      2025  ...  700241  060971517002   06097151700          06097
28172        06        097    151503      3000  ...  700241  060971515033   06097151503          06097
92991        06        097    151700      2029  ...  700241  060971517002   06097151700          06097

[5 rows x 21 columns]
08/15/2025 02:43:26 PM - DEBUG - group 060971515033 has 2 rows and 83.8 percent of land
08/15/2025 02:43:26 PM - DEBUG - 
      STATEFP10 COUNTYFP10 TRACTCE10 BLOCKCE10  ...     taz    GEOID10_BG GEOID10_TRACT GEOID10_COUNTY
21394        06        097    151503      3011  ...  700241  060971515033   06097151503          06097
28172        06        097    151503      3000  ...  700241  060971515033   06097151503          06097

[2 rows x 21 columns]
08/15/2025 02:43:26 PM - DEBUG - group 060971517002 has 3 rows and 16.2 percent of land
08/15/2025 02:43:26 PM - DEBUG - 
      STATEFP10 COUNTYFP10 TRACTCE10 BLOCKCE10  ...     taz    GEOID10_BG GEOID10_TRACT GEOID10_COUNTY
6812         06        097    151700      2027  ...  700241  060971517002   06097151700          06097
22360        06        097    151700      2025  ...  700241  060971517002   06097151700          06097
92991        06        097    151700      2029  ...  700241  060971517002   06097151700          06097

[3 rows x 21 columns]
08/15/2025 02:43:27 PM - DEBUG -   No neighbors in same block group with maz/taz
08/15/2025 02:43:27 PM - DEBUG -   No neighbors in same block group with maz/taz
08/15/2025 02:43:27 PM - DEBUG -   No neighbors in same block group with maz/taz
08/15/2025 02:43:27 PM - INFO - ====> moved 0 blocks to neighbor
08/15/2025 02:43:27 PM - WARNING - Multiple GEOID10_TRACT for a single taz: 2
08/15/2025 02:43:27 PM - WARNING - 
        GEOID10_TRACT
taz                  
327                 2
700241              2
08/15/2025 02:43:27 PM - INFO - splitting taz for tract
08/15/2025 02:43:27 PM - INFO - Attempting to fix taz    327
08/15/2025 02:43:27 PM - DEBUG - 
               ALAND10  ALAND10_pct
GEOID10_TRACT                      
06075017902       4650         0.01
06075023103     748028         0.99
08/15/2025 02:43:27 PM - INFO - Tract/taz portion too small -- skipping
08/15/2025 02:43:27 PM - INFO - Attempting to fix taz 700241
08/15/2025 02:43:27 PM - DEBUG - 
               ALAND10  ALAND10_pct
GEOID10_TRACT                      
06097151503     977478         1.00
06097151700       4177         0.00
08/15/2025 02:43:27 PM - INFO - Tract/taz portion too small -- skipping
08/15/2025 02:43:27 PM - INFO - Verified one GEOID10_COUNTY per taz
08/15/2025 02:43:27 PM - INFO - No blocks moved or tazs split -- exiting iterations
08/15/2025 02:43:27 PM - INFO - Saving crosswalk as final crosswalk: blocks_mazs_tazs_2.5.csv
08/15/2025 02:43:27 PM - INFO - Number of blocks per maz: 
08/15/2025 02:43:27 PM - INFO -    Min: 1
08/15/2025 02:43:27 PM - INFO -    Max: 89
08/15/2025 02:43:27 PM - INFO -   Mean: 2.7092911635426664
08/15/2025 02:43:27 PM - INFO - 
08/15/2025 02:43:27 PM - INFO - Number of maz per taz: 
08/15/2025 02:43:27 PM - INFO -    Min: 1
08/15/2025 02:43:27 PM - INFO -    Max: 118
08/15/2025 02:43:27 PM - INFO -   Mean: 8.362061681453316
08/15/2025 02:43:27 PM - INFO - 
08/15/2025 02:43:27 PM - INFO - Number of blocks without maz/taz: 1978
08/15/2025 02:43:27 PM - INFO - Number of blocks without maz/taz with land area: 0
08/15/2025 02:43:27 PM - INFO - Number of blocks with maz/taz without land area: 0
08/15/2025 02:43:27 PM - INFO - maz_taz_county_check=
                   maz             taz        
                   min     max     min     max
GEOID10_COUNTY                                
06001           310001  334484  300001  301132
06013           410001  428307  400001  400641
06041           810002  814506  800001  800210
06055           610002  661598  600001  600107
06075            10001   17386       1     651
06081           110002  119251  100001  100467
06085           210002  232367  200002  201093
06095           510002  520521  500001  500287
06097           710009  720388  700001  700387
08/15/2025 02:43:27 PM - INFO - Dissolving blocks into MAZs and TAZs
08/15/2025 02:43:48 PM - INFO - Calculated part count for mazs
08/15/2025 02:43:48 PM - INFO - Calculated perimeter length for mazs
08/15/2025 02:43:48 PM - INFO - Calculated perim*perim/area for mazs
08/15/2025 02:43:48 PM - INFO - Calculated acres for mazs
08/15/2025 02:43:51 PM - INFO - Created 39,586 records
08/15/2025 02:43:51 PM - INFO - Saving final mazs into mazs_TM2_2_5.shp
08/15/2025 02:44:21 PM - INFO - Calculated part count for tazs
08/15/2025 02:44:21 PM - INFO - Calculated perimeter length for tazs
08/15/2025 02:44:21 PM - INFO - Calculated perim*perim/area for tazs
08/15/2025 02:44:21 PM - INFO - Calculated acres for tazs
08/15/2025 02:44:22 PM - INFO - Created 4,734 records
08/15/2025 02:44:22 PM - INFO - Saving final tazs into tazs_TM2_2_5.shp
08/15/2025 02:44:22 PM - INFO - Read M:\Data\Census\Geography\tl_2010_06_puma10\2010_Census_Tract_to_2010_PUMA.txt; head=
  STATEFP10 COUNTYFP10 TRACTCE10 PUMA10
0        01        001    020100  02100
1        01        001    020200  02100
2        01        001    020300  02100
3        01        001    020400  02100
4        01        001    020500  02100
08/15/2025 02:44:22 PM - INFO - blocks_maz_df len=107,250.head():
  STATEFP10 COUNTYFP10 TRACTCE10 BLOCKCE10          GEOID10  ...     maz     taz    GEOID10_BG GEOID10_TRACT GEOID10_COUNTY
0        06        055    201700      4004  060552017004004  ...  610054  600102  060552017004   06055201700          06055
1        06        055    201700      1013  060552017001013  ...  611025  600006  060552017001   06055201700          06055
2        06        055    201700      4007  060552017004007  ...  610857  600102  060552017004   06055201700          06055
3        06        055    201700      4023  060552017004023  ...  611028  600102  060552017004   06055201700          06055
4        06        055    201403      1023  060552014031023  ...  610051  600097  060552014031   06055201403          06055

[5 rows x 21 columns]
08/15/2025 02:44:23 PM - INFO - blocks_maz_df len=107,250.head():
  STATEFP10 COUNTYFP10 TRACTCE10 BLOCKCE10          GEOID10  ...     taz    GEOID10_BG GEOID10_TRACT GEOID10_COUNTY PUMA10
0        06        055    201700      4004  060552017004004  ...  600102  060552017004   06055201700          06055  05500
1        06        055    201700      1013  060552017001013  ...  600006  060552017001   06055201700          06055  05500
2        06        055    201700      4007  060552017004007  ...  600102  060552017004   06055201700          06055  05500
3        06        055    201700      4023  060552017004023  ...  600102  060552017004   06055201700          06055  05500
4        06        055    201403      1023  060552014031023  ...  600097  060552014031   06055201403          06055  05500

[5 rows x 22 columns]
