08/01/2025 12:55:39 PM - INFO - Reading in the 2010 block shapefile with 109228 rows
08/01/2025 12:55:39 PM - INFO - Reading in crosswalk file: blocks_mazs_tazs_2.3.csv
08/01/2025 12:55:39 PM - INFO - Starting iteration 1 of 5
08/01/2025 12:55:40 PM - INFO - Join block shapefile to crosswalk csv resulting in 109228 rows
08/01/2025 12:55:40 PM - INFO - The Dataframe has the following columns:
08/01/2025 12:55:40 PM - INFO - None
08/01/2025 12:55:40 PM - INFO - blocks_maz_df has length 109228
08/01/2025 12:55:40 PM - INFO - 
  STATEFP10 COUNTYFP10 TRACTCE10 BLOCKCE10          GEOID10  ...     maz     taz    GEOID10_BG GEOID10_TRACT GEOID10_COUNTY
0        06        055    201700      4004  060552017004004  ...  610054  600102  060552017004   06055201700          06055
1        06        055    201700      1013  060552017001013  ...  611025  600006  060552017001   06055201700          06055
2        06        055    201700      4007  060552017004007  ...  610857  600102  060552017004   06055201700          06055
3        06        055    201700      4023  060552017004023  ...  611028  600102  060552017004   06055201700          06055
4        06        055    201403      1023  060552014031023  ...  610051  600097  060552014031   06055201403          06055

[5 rows x 21 columns]
08/01/2025 12:55:41 PM - INFO - blocks_neighbor_df has length 725774
08/01/2025 12:55:41 PM - INFO - 
       src_GEOID10      nbr_GEOID10  LENGTH  NODE_COUNT nbr_GEOID10_BG          GEOID10     maz     taz
0  060014001001000  060014001001001 1838.32           0   060014001001  060014001001001  333453  301054
1  060014001001000  060014001001002 1291.63           0   060014001001  060014001001002  333453  301054
2  060014001001000  060014001001003  148.32           0   060014001001  060014001001003  333453  301054
3  060014001001000  060014001001004  560.54           0   060014001001  060014001001004  333453  301054
4  060014001001000  060014001001005  180.17           0   060014001001  060014001001005  333453  301054
08/01/2025 12:55:41 PM - INFO - Number of unique GEOID10: 109228
08/01/2025 12:55:41 PM - INFO -   Min: 060014001001000
08/01/2025 12:55:41 PM - INFO -   Max: 060979901000010
08/01/2025 12:55:41 PM - INFO - 
08/01/2025 12:55:41 PM - INFO - Number of unique maz: 39726
08/01/2025 12:55:41 PM - INFO -    Min: 10001
08/01/2025 12:55:41 PM - INFO -    Max: 814506
08/01/2025 12:55:41 PM - INFO - 
08/01/2025 12:55:41 PM - INFO - Number of unique taz: 4735
08/01/2025 12:55:41 PM - INFO -    Min: 1
08/01/2025 12:55:41 PM - INFO -    Max: 800210
08/01/2025 12:55:41 PM - INFO - 
08/01/2025 12:55:41 PM - INFO - Verified one taz per maz
08/01/2025 12:55:41 PM - INFO - Verified one GEOID10_COUNTY per maz
08/01/2025 12:55:41 PM - WARNING - Multiple GEOID10_TRACT for a single maz: 4
08/01/2025 12:55:41 PM - WARNING - 
        GEOID10_TRACT
maz                  
412537              2
417931              2
714958              2
718685              2
08/01/2025 12:55:41 PM - INFO - move_small_block_to_neighbor for GEOID10_TRACT
08/01/2025 12:55:41 PM - INFO - Attempting to fix maz 412537
08/01/2025 12:55:41 PM - DEBUG - 
       STATEFP10 COUNTYFP10 TRACTCE10 BLOCKCE10  ...     taz    GEOID10_BG GEOID10_TRACT GEOID10_COUNTY
3186          06        013    302006      1014  ...  400198  060133020061   06013302006          06013
67681         06        013    302006      1033  ...  400198  060133020061   06013302006          06013
70390         06        013    302006      1035  ...  400198  060133020061   06013302006          06013
79183         06        013    302008      1041  ...  400198  060133020081   06013302008          06013
86008         06        013    302006      1034  ...  400198  060133020061   06013302006          06013
88686         06        013    302006      1036  ...  400198  060133020061   06013302006          06013
97938         06        013    302006      1015  ...  400198  060133020061   06013302006          06013
108894        06        013    302008      1040  ...  400198  060133020081   06013302008          06013

[8 rows x 21 columns]
08/01/2025 12:55:41 PM - DEBUG - group 06013302006 has 6 rows and 98.0 percent of land
08/01/2025 12:55:41 PM - DEBUG - 
      STATEFP10 COUNTYFP10 TRACTCE10 BLOCKCE10  ...     taz    GEOID10_BG GEOID10_TRACT GEOID10_COUNTY
3186         06        013    302006      1014  ...  400198  060133020061   06013302006          06013
67681        06        013    302006      1033  ...  400198  060133020061   06013302006          06013
70390        06        013    302006      1035  ...  400198  060133020061   06013302006          06013
86008        06        013    302006      1034  ...  400198  060133020061   06013302006          06013
88686        06        013    302006      1036  ...  400198  060133020061   06013302006          06013
97938        06        013    302006      1015  ...  400198  060133020061   06013302006          06013

[6 rows x 21 columns]
08/01/2025 12:55:41 PM - DEBUG - group 06013302008 has 2 rows and 2.0 percent of land
08/01/2025 12:55:41 PM - DEBUG - 
       STATEFP10 COUNTYFP10 TRACTCE10 BLOCKCE10  ...     taz    GEOID10_BG GEOID10_TRACT GEOID10_COUNTY
79183         06        013    302008      1041  ...  400198  060133020081   06013302008          06013
108894        06        013    302008      1040  ...  400198  060133020081   06013302008          06013

[2 rows x 21 columns]
08/01/2025 12:55:41 PM - INFO -   => block 060133020081041 picking up maz/taz from neighboring block 060133020081020
08/01/2025 12:55:41 PM - DEBUG - 
               GEOID10     maz     taz GEOID10_TRACT
79183  060133020081041  410578  400196   06013302008
90865  060133020081020  410578  400196   06013302008
08/01/2025 12:55:41 PM - INFO -   => block 060133020081040 picking up maz/taz from neighboring block 060133020081039
08/01/2025 12:55:41 PM - DEBUG - 
                GEOID10     maz     taz GEOID10_TRACT
80534   060133020081039  410578  400196   06013302008
108894  060133020081040  410578  400196   06013302008
08/01/2025 12:55:41 PM - INFO - Attempting to fix maz 417931
08/01/2025 12:55:41 PM - DEBUG - 
      STATEFP10 COUNTYFP10 TRACTCE10 BLOCKCE10  ...     taz    GEOID10_BG GEOID10_TRACT GEOID10_COUNTY
1707         06        013    302006      1001  ...  400198  060133020061   06013302006          06013
8692         06        013    302006      1010  ...  400198  060133020061   06013302006          06013
9844         06        013    302006      1004  ...  400198  060133020061   06013302006          06013
17180        06        013    302006      1011  ...  400198  060133020061   06013302006          06013
26383        06        013    302008      1023  ...  400198  060133020081   06013302008          06013
30298        06        013    302006      1008  ...  400198  060133020061   06013302006          06013
30940        06        013    302008      1022  ...  400198  060133020081   06013302008          06013
37175        06        013    302006      1007  ...  400198  060133020061   06013302006          06013
44153        06        013    302006      1009  ...  400198  060133020061   06013302006          06013
48332        06        013    302006      1012  ...  400198  060133020061   06013302006          06013
71467        06        013    302008      1042  ...  400198  060133020081   06013302008          06013
71650        06        013    302006      1013  ...  400198  060133020061   06013302006          06013
71653        06        013    302006      1003  ...  400198  060133020061   06013302006          06013
94571        06        013    302006      1006  ...  400198  060133020061   06013302006          06013

[14 rows x 21 columns]
08/01/2025 12:55:41 PM - DEBUG - group 06013302006 has 11 rows and 98.6 percent of land
08/01/2025 12:55:41 PM - DEBUG - 
      STATEFP10 COUNTYFP10 TRACTCE10 BLOCKCE10  ...     taz    GEOID10_BG GEOID10_TRACT GEOID10_COUNTY
1707         06        013    302006      1001  ...  400198  060133020061   06013302006          06013
8692         06        013    302006      1010  ...  400198  060133020061   06013302006          06013
9844         06        013    302006      1004  ...  400198  060133020061   06013302006          06013
17180        06        013    302006      1011  ...  400198  060133020061   06013302006          06013
30298        06        013    302006      1008  ...  400198  060133020061   06013302006          06013
37175        06        013    302006      1007  ...  400198  060133020061   06013302006          06013
44153        06        013    302006      1009  ...  400198  060133020061   06013302006          06013
48332        06        013    302006      1012  ...  400198  060133020061   06013302006          06013
71650        06        013    302006      1013  ...  400198  060133020061   06013302006          06013
71653        06        013    302006      1003  ...  400198  060133020061   06013302006          06013
94571        06        013    302006      1006  ...  400198  060133020061   06013302006          06013

[11 rows x 21 columns]
08/01/2025 12:55:41 PM - DEBUG - group 06013302008 has 3 rows and 1.4 percent of land
08/01/2025 12:55:41 PM - DEBUG - 
      STATEFP10 COUNTYFP10 TRACTCE10 BLOCKCE10  ...     taz    GEOID10_BG GEOID10_TRACT GEOID10_COUNTY
26383        06        013    302008      1023  ...  400198  060133020081   06013302008          06013
30940        06        013    302008      1022  ...  400198  060133020081   06013302008          06013
71467        06        013    302008      1042  ...  400198  060133020081   06013302008          06013

[3 rows x 21 columns]
08/01/2025 12:55:41 PM - INFO -   => block 060133020081023 picking up maz/taz from neighboring block 060133020081020
08/01/2025 12:55:41 PM - DEBUG - 
               GEOID10     maz     taz GEOID10_TRACT
26383  060133020081023  410578  400196   06013302008
90865  060133020081020  410578  400196   06013302008
08/01/2025 12:55:42 PM - INFO -   => block 060133020081022 picking up maz/taz from neighboring block 060133020081021
08/01/2025 12:55:42 PM - DEBUG - 
               GEOID10     maz     taz GEOID10_TRACT
29974  060133020081021  410578  400196   06013302008
30940  060133020081022  410578  400196   06013302008
08/01/2025 12:55:42 PM - INFO -   => block 060133020081042 picking up maz/taz from neighboring block 060133020081041
08/01/2025 12:55:42 PM - DEBUG - 
               GEOID10     maz     taz GEOID10_TRACT
71467  060133020081042  410578  400196   06013302008
79183  060133020081041  410578  400196   06013302008
08/01/2025 12:55:42 PM - INFO - Attempting to fix maz 714958
08/01/2025 12:55:42 PM - DEBUG - 
       STATEFP10 COUNTYFP10 TRACTCE10 BLOCKCE10  ...     taz    GEOID10_BG GEOID10_TRACT GEOID10_COUNTY
6382          06        097    151503      3002  ...  700241  060971515033   06097151503          06097
31669         06        097    151503      3039  ...  700241  060971515033   06097151503          06097
33362         06        097    151503      3001  ...  700241  060971515033   06097151503          06097
64028         06        097    151503      3003  ...  700241  060971515033   06097151503          06097
75729         06        097    151503      3006  ...  700241  060971515033   06097151503          06097
92991         06        097    151700      2029  ...  700241  060971517002   06097151700          06097
100754        06        097    151503      3004  ...  700241  060971515033   06097151503          06097
101805        06        097    151503      3005  ...  700241  060971515033   06097151503          06097

[8 rows x 21 columns]
08/01/2025 12:55:42 PM - DEBUG - group 06097151503 has 7 rows and 99.3 percent of land
08/01/2025 12:55:42 PM - DEBUG - 
       STATEFP10 COUNTYFP10 TRACTCE10 BLOCKCE10  ...     taz    GEOID10_BG GEOID10_TRACT GEOID10_COUNTY
6382          06        097    151503      3002  ...  700241  060971515033   06097151503          06097
31669         06        097    151503      3039  ...  700241  060971515033   06097151503          06097
33362         06        097    151503      3001  ...  700241  060971515033   06097151503          06097
64028         06        097    151503      3003  ...  700241  060971515033   06097151503          06097
75729         06        097    151503      3006  ...  700241  060971515033   06097151503          06097
100754        06        097    151503      3004  ...  700241  060971515033   06097151503          06097
101805        06        097    151503      3005  ...  700241  060971515033   06097151503          06097

[7 rows x 21 columns]
08/01/2025 12:55:42 PM - DEBUG - group 06097151700 has 1 rows and 0.7 percent of land
08/01/2025 12:55:42 PM - DEBUG - 
      STATEFP10 COUNTYFP10 TRACTCE10 BLOCKCE10  ...     taz    GEOID10_BG GEOID10_TRACT GEOID10_COUNTY
92991        06        097    151700      2029  ...  700241  060971517002   06097151700          06097

[1 rows x 21 columns]
08/01/2025 12:55:42 PM - INFO -   => block 060971517002029 picking up maz/taz from neighboring block 060971517002025
08/01/2025 12:55:42 PM - DEBUG - 
               GEOID10     maz     taz GEOID10_TRACT
22360  060971517002025  718685  700241   06097151700
92991  060971517002029  718685  700241   06097151700
08/01/2025 12:55:42 PM - INFO - Attempting to fix maz 718685
08/01/2025 12:55:42 PM - DEBUG - 
      STATEFP10 COUNTYFP10 TRACTCE10 BLOCKCE10  ...     taz    GEOID10_BG GEOID10_TRACT GEOID10_COUNTY
6812         06        097    151700      2027  ...  700241  060971517002   06097151700          06097
21394        06        097    151503      3011  ...  700241  060971515033   06097151503          06097
22360        06        097    151700      2025  ...  700241  060971517002   06097151700          06097
28172        06        097    151503      3000  ...  700241  060971515033   06097151503          06097

[4 rows x 21 columns]
08/01/2025 12:55:42 PM - DEBUG - group 06097151503 has 2 rows and 87.8 percent of land
08/01/2025 12:55:42 PM - DEBUG - 
      STATEFP10 COUNTYFP10 TRACTCE10 BLOCKCE10  ...     taz    GEOID10_BG GEOID10_TRACT GEOID10_COUNTY
21394        06        097    151503      3011  ...  700241  060971515033   06097151503          06097
28172        06        097    151503      3000  ...  700241  060971515033   06097151503          06097

[2 rows x 21 columns]
08/01/2025 12:55:42 PM - DEBUG - group 06097151700 has 2 rows and 12.2 percent of land
08/01/2025 12:55:42 PM - DEBUG - 
      STATEFP10 COUNTYFP10 TRACTCE10 BLOCKCE10  ...     taz    GEOID10_BG GEOID10_TRACT GEOID10_COUNTY
6812         06        097    151700      2027  ...  700241  060971517002   06097151700          06097
22360        06        097    151700      2025  ...  700241  060971517002   06097151700          06097

[2 rows x 21 columns]
08/01/2025 12:55:42 PM - DEBUG -   No neighbors in same block group with maz/taz
08/01/2025 12:55:42 PM - INFO -   => block 060971517002025 picking up maz/taz from neighboring block 060971517002029
08/01/2025 12:55:42 PM - DEBUG - 
               GEOID10     maz     taz GEOID10_TRACT
22360  060971517002025  718685  700241   06097151700
92991  060971517002029  718685  700241   06097151700
08/01/2025 12:55:42 PM - INFO - ====> moved 7 blocks to neighbor
08/01/2025 12:55:42 PM - WARNING - Multiple GEOID10_BG for a single maz: 6
08/01/2025 12:55:42 PM - WARNING - 
        GEOID10_BG
maz               
411035           2
412537           2
413242           2
417931           2
714958           2
718685           2
08/01/2025 12:55:42 PM - INFO - move_small_block_to_neighbor for GEOID10_BG
08/01/2025 12:55:42 PM - INFO - Attempting to fix maz 411035
08/01/2025 12:55:42 PM - DEBUG - 
       STATEFP10 COUNTYFP10 TRACTCE10 BLOCKCE10  ...     taz    GEOID10_BG GEOID10_TRACT GEOID10_COUNTY
25347         06        013    380000      3022  ...  400461  060133800003   06013380000          06013
27226         06        013    380000      3025  ...  400461  060133800003   06013380000          06013
45112         06        013    380000      1030  ...  400461  060133800001   06013380000          06013
81307         06        013    380000      3021  ...  400461  060133800003   06013380000          06013
98945         06        013    380000      3024  ...  400461  060133800003   06013380000          06013
106972        06        013    380000      3023  ...  400461  060133800003   06013380000          06013

[6 rows x 21 columns]
08/01/2025 12:55:42 PM - DEBUG - group 060133800001 has 1 rows and 0.3 percent of land
08/01/2025 12:55:42 PM - DEBUG - 
      STATEFP10 COUNTYFP10 TRACTCE10 BLOCKCE10  ...     taz    GEOID10_BG GEOID10_TRACT GEOID10_COUNTY
45112        06        013    380000      1030  ...  400461  060133800001   06013380000          06013

[1 rows x 21 columns]
08/01/2025 12:55:42 PM - DEBUG -   No neighbors in same block group with maz/taz
08/01/2025 12:55:42 PM - DEBUG - group 060133800003 has 5 rows and 99.7 percent of land
08/01/2025 12:55:42 PM - DEBUG - 
       STATEFP10 COUNTYFP10 TRACTCE10 BLOCKCE10  ...     taz    GEOID10_BG GEOID10_TRACT GEOID10_COUNTY
25347         06        013    380000      3022  ...  400461  060133800003   06013380000          06013
27226         06        013    380000      3025  ...  400461  060133800003   06013380000          06013
81307         06        013    380000      3021  ...  400461  060133800003   06013380000          06013
98945         06        013    380000      3024  ...  400461  060133800003   06013380000          06013
106972        06        013    380000      3023  ...  400461  060133800003   06013380000          06013

[5 rows x 21 columns]
08/01/2025 12:55:42 PM - INFO - Attempting to fix maz 412537
08/01/2025 12:55:42 PM - DEBUG - 
       STATEFP10 COUNTYFP10 TRACTCE10 BLOCKCE10  ...     taz    GEOID10_BG GEOID10_TRACT GEOID10_COUNTY
3186          06        013    302006      1014  ...  400198  060133020061   06013302006          06013
67681         06        013    302006      1033  ...  400198  060133020061   06013302006          06013
70390         06        013    302006      1035  ...  400198  060133020061   06013302006          06013
79183         06        013    302008      1041  ...  400198  060133020081   06013302008          06013
86008         06        013    302006      1034  ...  400198  060133020061   06013302006          06013
88686         06        013    302006      1036  ...  400198  060133020061   06013302006          06013
97938         06        013    302006      1015  ...  400198  060133020061   06013302006          06013
108894        06        013    302008      1040  ...  400198  060133020081   06013302008          06013

[8 rows x 21 columns]
08/01/2025 12:55:42 PM - DEBUG - group 060133020061 has 6 rows and 98.0 percent of land
08/01/2025 12:55:42 PM - DEBUG - 
      STATEFP10 COUNTYFP10 TRACTCE10 BLOCKCE10  ...     taz    GEOID10_BG GEOID10_TRACT GEOID10_COUNTY
3186         06        013    302006      1014  ...  400198  060133020061   06013302006          06013
67681        06        013    302006      1033  ...  400198  060133020061   06013302006          06013
70390        06        013    302006      1035  ...  400198  060133020061   06013302006          06013
86008        06        013    302006      1034  ...  400198  060133020061   06013302006          06013
88686        06        013    302006      1036  ...  400198  060133020061   06013302006          06013
97938        06        013    302006      1015  ...  400198  060133020061   06013302006          06013

[6 rows x 21 columns]
08/01/2025 12:55:42 PM - DEBUG - group 060133020081 has 2 rows and 2.0 percent of land
08/01/2025 12:55:42 PM - DEBUG - 
       STATEFP10 COUNTYFP10 TRACTCE10 BLOCKCE10  ...     taz    GEOID10_BG GEOID10_TRACT GEOID10_COUNTY
79183         06        013    302008      1041  ...  400198  060133020081   06013302008          06013
108894        06        013    302008      1040  ...  400198  060133020081   06013302008          06013

[2 rows x 21 columns]
08/01/2025 12:55:42 PM - INFO -   => block 060133020081041 picking up maz/taz from neighboring block 060133020081020
08/01/2025 12:55:42 PM - DEBUG - 
               GEOID10     maz     taz GEOID10_TRACT
79183  060133020081041  410578  400196   06013302008
90865  060133020081020  410578  400196   06013302008
08/01/2025 12:55:42 PM - INFO -   => block 060133020081040 picking up maz/taz from neighboring block 060133020081039
08/01/2025 12:55:42 PM - DEBUG - 
                GEOID10     maz     taz GEOID10_TRACT
80534   060133020081039  410578  400196   06013302008
108894  060133020081040  410578  400196   06013302008
08/01/2025 12:55:42 PM - INFO - Attempting to fix maz 413242
08/01/2025 12:55:42 PM - DEBUG - 
       STATEFP10 COUNTYFP10 TRACTCE10 BLOCKCE10  ...     taz    GEOID10_BG GEOID10_TRACT GEOID10_COUNTY
2284          06        013    301000      1080  ...  400507  060133010001   06013301000          06013
10690         06        013    301000      1072  ...  400507  060133010001   06013301000          06013
28416         06        013    301000      1067  ...  400507  060133010001   06013301000          06013
41078         06        013    301000      1078  ...  400507  060133010001   06013301000          06013
57966         06        013    301000      1074  ...  400507  060133010001   06013301000          06013
59221         06        013    301000      1071  ...  400507  060133010001   06013301000          06013
64074         06        013    301000      1073  ...  400507  060133010001   06013301000          06013
75515         06        013    301000      1070  ...  400507  060133010001   06013301000          06013
78626         06        013    301000      1077  ...  400507  060133010001   06013301000          06013
80137         06        013    301000      1083  ...  400507  060133010001   06013301000          06013
81501         06        013    301000      1076  ...  400507  060133010001   06013301000          06013
84511         06        013    301000      1079  ...  400507  060133010001   06013301000          06013
98172         06        013    301000      1081  ...  400507  060133010001   06013301000          06013
98839         06        013    301000      1082  ...  400507  060133010001   06013301000          06013
105185        06        013    301000      3081  ...  400507  060133010003   06013301000          06013

[15 rows x 21 columns]
08/01/2025 12:55:42 PM - DEBUG - group 060133010001 has 14 rows and 96.1 percent of land
08/01/2025 12:55:42 PM - DEBUG - 
      STATEFP10 COUNTYFP10 TRACTCE10 BLOCKCE10  ...     taz    GEOID10_BG GEOID10_TRACT GEOID10_COUNTY
2284         06        013    301000      1080  ...  400507  060133010001   06013301000          06013
10690        06        013    301000      1072  ...  400507  060133010001   06013301000          06013
28416        06        013    301000      1067  ...  400507  060133010001   06013301000          06013
41078        06        013    301000      1078  ...  400507  060133010001   06013301000          06013
57966        06        013    301000      1074  ...  400507  060133010001   06013301000          06013
59221        06        013    301000      1071  ...  400507  060133010001   06013301000          06013
64074        06        013    301000      1073  ...  400507  060133010001   06013301000          06013
75515        06        013    301000      1070  ...  400507  060133010001   06013301000          06013
78626        06        013    301000      1077  ...  400507  060133010001   06013301000          06013
80137        06        013    301000      1083  ...  400507  060133010001   06013301000          06013
81501        06        013    301000      1076  ...  400507  060133010001   06013301000          06013
84511        06        013    301000      1079  ...  400507  060133010001   06013301000          06013
98172        06        013    301000      1081  ...  400507  060133010001   06013301000          06013
98839        06        013    301000      1082  ...  400507  060133010001   06013301000          06013

[14 rows x 21 columns]
08/01/2025 12:55:42 PM - DEBUG - group 060133010003 has 1 rows and 3.9 percent of land
08/01/2025 12:55:42 PM - DEBUG - 
       STATEFP10 COUNTYFP10 TRACTCE10 BLOCKCE10  ...     taz    GEOID10_BG GEOID10_TRACT GEOID10_COUNTY
105185        06        013    301000      3081  ...  400507  060133010003   06013301000          06013

[1 rows x 21 columns]
08/01/2025 12:55:43 PM - INFO -   => block 060133010003081 picking up maz/taz from neighboring block 060133010003000
08/01/2025 12:55:43 PM - DEBUG - 
                GEOID10     maz     taz GEOID10_TRACT
98949   060133010003000  410304  400507   06013301000
105185  060133010003081  410304  400507   06013301000
08/01/2025 12:55:43 PM - INFO - Attempting to fix maz 417931
08/01/2025 12:55:43 PM - DEBUG - 
      STATEFP10 COUNTYFP10 TRACTCE10 BLOCKCE10  ...     taz    GEOID10_BG GEOID10_TRACT GEOID10_COUNTY
1707         06        013    302006      1001  ...  400198  060133020061   06013302006          06013
8692         06        013    302006      1010  ...  400198  060133020061   06013302006          06013
9844         06        013    302006      1004  ...  400198  060133020061   06013302006          06013
17180        06        013    302006      1011  ...  400198  060133020061   06013302006          06013
26383        06        013    302008      1023  ...  400198  060133020081   06013302008          06013
30298        06        013    302006      1008  ...  400198  060133020061   06013302006          06013
30940        06        013    302008      1022  ...  400198  060133020081   06013302008          06013
37175        06        013    302006      1007  ...  400198  060133020061   06013302006          06013
44153        06        013    302006      1009  ...  400198  060133020061   06013302006          06013
48332        06        013    302006      1012  ...  400198  060133020061   06013302006          06013
71467        06        013    302008      1042  ...  400198  060133020081   06013302008          06013
71650        06        013    302006      1013  ...  400198  060133020061   06013302006          06013
71653        06        013    302006      1003  ...  400198  060133020061   06013302006          06013
94571        06        013    302006      1006  ...  400198  060133020061   06013302006          06013

[14 rows x 21 columns]
08/01/2025 12:55:43 PM - DEBUG - group 060133020061 has 11 rows and 98.6 percent of land
08/01/2025 12:55:43 PM - DEBUG - 
      STATEFP10 COUNTYFP10 TRACTCE10 BLOCKCE10  ...     taz    GEOID10_BG GEOID10_TRACT GEOID10_COUNTY
1707         06        013    302006      1001  ...  400198  060133020061   06013302006          06013
8692         06        013    302006      1010  ...  400198  060133020061   06013302006          06013
9844         06        013    302006      1004  ...  400198  060133020061   06013302006          06013
17180        06        013    302006      1011  ...  400198  060133020061   06013302006          06013
30298        06        013    302006      1008  ...  400198  060133020061   06013302006          06013
37175        06        013    302006      1007  ...  400198  060133020061   06013302006          06013
44153        06        013    302006      1009  ...  400198  060133020061   06013302006          06013
48332        06        013    302006      1012  ...  400198  060133020061   06013302006          06013
71650        06        013    302006      1013  ...  400198  060133020061   06013302006          06013
71653        06        013    302006      1003  ...  400198  060133020061   06013302006          06013
94571        06        013    302006      1006  ...  400198  060133020061   06013302006          06013

[11 rows x 21 columns]
08/01/2025 12:55:43 PM - DEBUG - group 060133020081 has 3 rows and 1.4 percent of land
08/01/2025 12:55:43 PM - DEBUG - 
      STATEFP10 COUNTYFP10 TRACTCE10 BLOCKCE10  ...     taz    GEOID10_BG GEOID10_TRACT GEOID10_COUNTY
26383        06        013    302008      1023  ...  400198  060133020081   06013302008          06013
30940        06        013    302008      1022  ...  400198  060133020081   06013302008          06013
71467        06        013    302008      1042  ...  400198  060133020081   06013302008          06013

[3 rows x 21 columns]
08/01/2025 12:55:43 PM - INFO -   => block 060133020081023 picking up maz/taz from neighboring block 060133020081020
08/01/2025 12:55:43 PM - DEBUG - 
               GEOID10     maz     taz GEOID10_TRACT
26383  060133020081023  410578  400196   06013302008
90865  060133020081020  410578  400196   06013302008
08/01/2025 12:55:43 PM - INFO -   => block 060133020081022 picking up maz/taz from neighboring block 060133020081021
08/01/2025 12:55:43 PM - DEBUG - 
               GEOID10     maz     taz GEOID10_TRACT
29974  060133020081021  410578  400196   06013302008
30940  060133020081022  410578  400196   06013302008
08/01/2025 12:55:43 PM - INFO -   => block 060133020081042 picking up maz/taz from neighboring block 060133020081041
08/01/2025 12:55:43 PM - DEBUG - 
               GEOID10     maz     taz GEOID10_TRACT
71467  060133020081042  410578  400196   06013302008
79183  060133020081041  410578  400196   06013302008
08/01/2025 12:55:43 PM - INFO - Attempting to fix maz 714958
08/01/2025 12:55:43 PM - DEBUG - 
       STATEFP10 COUNTYFP10 TRACTCE10 BLOCKCE10  ...     taz    GEOID10_BG GEOID10_TRACT GEOID10_COUNTY
6382          06        097    151503      3002  ...  700241  060971515033   06097151503          06097
31669         06        097    151503      3039  ...  700241  060971515033   06097151503          06097
33362         06        097    151503      3001  ...  700241  060971515033   06097151503          06097
64028         06        097    151503      3003  ...  700241  060971515033   06097151503          06097
75729         06        097    151503      3006  ...  700241  060971515033   06097151503          06097
92991         06        097    151700      2029  ...  700241  060971517002   06097151700          06097
100754        06        097    151503      3004  ...  700241  060971515033   06097151503          06097
101805        06        097    151503      3005  ...  700241  060971515033   06097151503          06097

[8 rows x 21 columns]
08/01/2025 12:55:43 PM - DEBUG - group 060971515033 has 7 rows and 99.3 percent of land
08/01/2025 12:55:43 PM - DEBUG - 
       STATEFP10 COUNTYFP10 TRACTCE10 BLOCKCE10  ...     taz    GEOID10_BG GEOID10_TRACT GEOID10_COUNTY
6382          06        097    151503      3002  ...  700241  060971515033   06097151503          06097
31669         06        097    151503      3039  ...  700241  060971515033   06097151503          06097
33362         06        097    151503      3001  ...  700241  060971515033   06097151503          06097
64028         06        097    151503      3003  ...  700241  060971515033   06097151503          06097
75729         06        097    151503      3006  ...  700241  060971515033   06097151503          06097
100754        06        097    151503      3004  ...  700241  060971515033   06097151503          06097
101805        06        097    151503      3005  ...  700241  060971515033   06097151503          06097

[7 rows x 21 columns]
08/01/2025 12:55:43 PM - DEBUG - group 060971517002 has 1 rows and 0.7 percent of land
08/01/2025 12:55:43 PM - DEBUG - 
      STATEFP10 COUNTYFP10 TRACTCE10 BLOCKCE10  ...     taz    GEOID10_BG GEOID10_TRACT GEOID10_COUNTY
92991        06        097    151700      2029  ...  700241  060971517002   06097151700          06097

[1 rows x 21 columns]
08/01/2025 12:55:43 PM - INFO -   => block 060971517002029 picking up maz/taz from neighboring block 060971517002025
08/01/2025 12:55:43 PM - DEBUG - 
               GEOID10     maz     taz GEOID10_TRACT
22360  060971517002025  718685  700241   06097151700
92991  060971517002029  718685  700241   06097151700
08/01/2025 12:55:43 PM - INFO - Attempting to fix maz 718685
08/01/2025 12:55:43 PM - DEBUG - 
      STATEFP10 COUNTYFP10 TRACTCE10 BLOCKCE10  ...     taz    GEOID10_BG GEOID10_TRACT GEOID10_COUNTY
6812         06        097    151700      2027  ...  700241  060971517002   06097151700          06097
21394        06        097    151503      3011  ...  700241  060971515033   06097151503          06097
22360        06        097    151700      2025  ...  700241  060971517002   06097151700          06097
28172        06        097    151503      3000  ...  700241  060971515033   06097151503          06097

[4 rows x 21 columns]
08/01/2025 12:55:43 PM - DEBUG - group 060971515033 has 2 rows and 87.8 percent of land
08/01/2025 12:55:43 PM - DEBUG - 
      STATEFP10 COUNTYFP10 TRACTCE10 BLOCKCE10  ...     taz    GEOID10_BG GEOID10_TRACT GEOID10_COUNTY
21394        06        097    151503      3011  ...  700241  060971515033   06097151503          06097
28172        06        097    151503      3000  ...  700241  060971515033   06097151503          06097

[2 rows x 21 columns]
08/01/2025 12:55:43 PM - DEBUG - group 060971517002 has 2 rows and 12.2 percent of land
08/01/2025 12:55:43 PM - DEBUG - 
      STATEFP10 COUNTYFP10 TRACTCE10 BLOCKCE10  ...     taz    GEOID10_BG GEOID10_TRACT GEOID10_COUNTY
6812         06        097    151700      2027  ...  700241  060971517002   06097151700          06097
22360        06        097    151700      2025  ...  700241  060971517002   06097151700          06097

[2 rows x 21 columns]
08/01/2025 12:55:43 PM - DEBUG -   No neighbors in same block group with maz/taz
08/01/2025 12:55:43 PM - INFO -   => block 060971517002025 picking up maz/taz from neighboring block 060971517002029
08/01/2025 12:55:43 PM - DEBUG - 
               GEOID10     maz     taz GEOID10_TRACT
22360  060971517002025  718685  700241   06097151700
92991  060971517002029  718685  700241   06097151700
08/01/2025 12:55:43 PM - INFO - ====> moved 8 blocks to neighbor
08/01/2025 12:55:43 PM - WARNING - Multiple GEOID10_TRACT for a single taz: 3
08/01/2025 12:55:43 PM - WARNING - 
        GEOID10_TRACT
taz                  
327                 2
400198              2
700241              2
08/01/2025 12:55:43 PM - INFO - Verified one GEOID10_COUNTY per taz
08/01/2025 12:55:43 PM - INFO - Starting iteration 2 of 5
08/01/2025 12:55:44 PM - INFO - Join block shapefile to crosswalk csv resulting in 109228 rows
08/01/2025 12:55:44 PM - INFO - The Dataframe has the following columns:
08/01/2025 12:55:44 PM - INFO - None
08/01/2025 12:55:44 PM - INFO - blocks_maz_df has length 109228
08/01/2025 12:55:44 PM - INFO - 
  STATEFP10 COUNTYFP10 TRACTCE10 BLOCKCE10          GEOID10  ...     maz     taz    GEOID10_BG GEOID10_TRACT GEOID10_COUNTY
0        06        055    201700      4004  060552017004004  ...  610054  600102  060552017004   06055201700          06055
1        06        055    201700      1013  060552017001013  ...  611025  600006  060552017001   06055201700          06055
2        06        055    201700      4007  060552017004007  ...  610857  600102  060552017004   06055201700          06055
3        06        055    201700      4023  060552017004023  ...  611028  600102  060552017004   06055201700          06055
4        06        055    201403      1023  060552014031023  ...  610051  600097  060552014031   06055201403          06055

[5 rows x 21 columns]
08/01/2025 12:55:45 PM - INFO - blocks_neighbor_df has length 725774
08/01/2025 12:55:45 PM - INFO - 
       src_GEOID10      nbr_GEOID10  LENGTH  NODE_COUNT nbr_GEOID10_BG          GEOID10     maz     taz
0  060014001001000  060014001001001 1838.32           0   060014001001  060014001001001  333453  301054
1  060014001001000  060014001001002 1291.63           0   060014001001  060014001001002  333453  301054
2  060014001001000  060014001001003  148.32           0   060014001001  060014001001003  333453  301054
3  060014001001000  060014001001004  560.54           0   060014001001  060014001001004  333453  301054
4  060014001001000  060014001001005  180.17           0   060014001001  060014001001005  333453  301054
08/01/2025 12:55:45 PM - INFO - Number of unique GEOID10: 109228
08/01/2025 12:55:45 PM - INFO -   Min: 060014001001000
08/01/2025 12:55:45 PM - INFO -   Max: 060979901000010
08/01/2025 12:55:45 PM - INFO - 
08/01/2025 12:55:45 PM - INFO - Number of unique maz: 39726
08/01/2025 12:55:45 PM - INFO -    Min: 10001
08/01/2025 12:55:45 PM - INFO -    Max: 814506
08/01/2025 12:55:45 PM - INFO - 
08/01/2025 12:55:45 PM - INFO - Number of unique taz: 4735
08/01/2025 12:55:45 PM - INFO -    Min: 1
08/01/2025 12:55:45 PM - INFO -    Max: 800210
08/01/2025 12:55:45 PM - INFO - 
08/01/2025 12:55:45 PM - INFO - Verified one taz per maz
08/01/2025 12:55:45 PM - INFO - Verified one GEOID10_COUNTY per maz
08/01/2025 12:55:45 PM - WARNING - Multiple GEOID10_TRACT for a single maz: 1
08/01/2025 12:55:45 PM - WARNING - 
        GEOID10_TRACT
maz                  
718685              2
08/01/2025 12:55:45 PM - INFO - move_small_block_to_neighbor for GEOID10_TRACT
08/01/2025 12:55:45 PM - INFO - Attempting to fix maz 718685
08/01/2025 12:55:45 PM - DEBUG - 
      STATEFP10 COUNTYFP10 TRACTCE10 BLOCKCE10  ...     taz    GEOID10_BG GEOID10_TRACT GEOID10_COUNTY
6812         06        097    151700      2027  ...  700241  060971517002   06097151700          06097
21394        06        097    151503      3011  ...  700241  060971515033   06097151503          06097
22360        06        097    151700      2025  ...  700241  060971517002   06097151700          06097
28172        06        097    151503      3000  ...  700241  060971515033   06097151503          06097
92991        06        097    151700      2029  ...  700241  060971517002   06097151700          06097

[5 rows x 21 columns]
08/01/2025 12:55:45 PM - DEBUG - group 06097151503 has 2 rows and 83.8 percent of land
08/01/2025 12:55:45 PM - DEBUG - 
      STATEFP10 COUNTYFP10 TRACTCE10 BLOCKCE10  ...     taz    GEOID10_BG GEOID10_TRACT GEOID10_COUNTY
21394        06        097    151503      3011  ...  700241  060971515033   06097151503          06097
28172        06        097    151503      3000  ...  700241  060971515033   06097151503          06097

[2 rows x 21 columns]
08/01/2025 12:55:45 PM - DEBUG - group 06097151700 has 3 rows and 16.2 percent of land
08/01/2025 12:55:45 PM - DEBUG - 
      STATEFP10 COUNTYFP10 TRACTCE10 BLOCKCE10  ...     taz    GEOID10_BG GEOID10_TRACT GEOID10_COUNTY
6812         06        097    151700      2027  ...  700241  060971517002   06097151700          06097
22360        06        097    151700      2025  ...  700241  060971517002   06097151700          06097
92991        06        097    151700      2029  ...  700241  060971517002   06097151700          06097

[3 rows x 21 columns]
08/01/2025 12:55:45 PM - DEBUG -   No neighbors in same block group with maz/taz
08/01/2025 12:55:45 PM - DEBUG -   No neighbors in same block group with maz/taz
08/01/2025 12:55:45 PM - DEBUG -   No neighbors in same block group with maz/taz
08/01/2025 12:55:45 PM - INFO - ====> moved 0 blocks to neighbor
08/01/2025 12:55:45 PM - WARNING - Multiple GEOID10_BG for a single maz: 2
08/01/2025 12:55:45 PM - WARNING - 
        GEOID10_BG
maz               
411035           2
718685           2
08/01/2025 12:55:45 PM - INFO - move_small_block_to_neighbor for GEOID10_BG
08/01/2025 12:55:45 PM - INFO - Attempting to fix maz 411035
08/01/2025 12:55:45 PM - DEBUG - 
       STATEFP10 COUNTYFP10 TRACTCE10 BLOCKCE10  ...     taz    GEOID10_BG GEOID10_TRACT GEOID10_COUNTY
25347         06        013    380000      3022  ...  400461  060133800003   06013380000          06013
27226         06        013    380000      3025  ...  400461  060133800003   06013380000          06013
45112         06        013    380000      1030  ...  400461  060133800001   06013380000          06013
81307         06        013    380000      3021  ...  400461  060133800003   06013380000          06013
98945         06        013    380000      3024  ...  400461  060133800003   06013380000          06013
106972        06        013    380000      3023  ...  400461  060133800003   06013380000          06013

[6 rows x 21 columns]
08/01/2025 12:55:45 PM - DEBUG - group 060133800001 has 1 rows and 0.3 percent of land
08/01/2025 12:55:45 PM - DEBUG - 
      STATEFP10 COUNTYFP10 TRACTCE10 BLOCKCE10  ...     taz    GEOID10_BG GEOID10_TRACT GEOID10_COUNTY
45112        06        013    380000      1030  ...  400461  060133800001   06013380000          06013

[1 rows x 21 columns]
08/01/2025 12:55:45 PM - DEBUG -   No neighbors in same block group with maz/taz
08/01/2025 12:55:45 PM - DEBUG - group 060133800003 has 5 rows and 99.7 percent of land
08/01/2025 12:55:45 PM - DEBUG - 
       STATEFP10 COUNTYFP10 TRACTCE10 BLOCKCE10  ...     taz    GEOID10_BG GEOID10_TRACT GEOID10_COUNTY
25347         06        013    380000      3022  ...  400461  060133800003   06013380000          06013
27226         06        013    380000      3025  ...  400461  060133800003   06013380000          06013
81307         06        013    380000      3021  ...  400461  060133800003   06013380000          06013
98945         06        013    380000      3024  ...  400461  060133800003   06013380000          06013
106972        06        013    380000      3023  ...  400461  060133800003   06013380000          06013

[5 rows x 21 columns]
08/01/2025 12:55:45 PM - INFO - Attempting to fix maz 718685
08/01/2025 12:55:45 PM - DEBUG - 
      STATEFP10 COUNTYFP10 TRACTCE10 BLOCKCE10  ...     taz    GEOID10_BG GEOID10_TRACT GEOID10_COUNTY
6812         06        097    151700      2027  ...  700241  060971517002   06097151700          06097
21394        06        097    151503      3011  ...  700241  060971515033   06097151503          06097
22360        06        097    151700      2025  ...  700241  060971517002   06097151700          06097
28172        06        097    151503      3000  ...  700241  060971515033   06097151503          06097
92991        06        097    151700      2029  ...  700241  060971517002   06097151700          06097

[5 rows x 21 columns]
08/01/2025 12:55:45 PM - DEBUG - group 060971515033 has 2 rows and 83.8 percent of land
08/01/2025 12:55:46 PM - DEBUG - 
      STATEFP10 COUNTYFP10 TRACTCE10 BLOCKCE10  ...     taz    GEOID10_BG GEOID10_TRACT GEOID10_COUNTY
21394        06        097    151503      3011  ...  700241  060971515033   06097151503          06097
28172        06        097    151503      3000  ...  700241  060971515033   06097151503          06097

[2 rows x 21 columns]
08/01/2025 12:55:46 PM - DEBUG - group 060971517002 has 3 rows and 16.2 percent of land
08/01/2025 12:55:46 PM - DEBUG - 
      STATEFP10 COUNTYFP10 TRACTCE10 BLOCKCE10  ...     taz    GEOID10_BG GEOID10_TRACT GEOID10_COUNTY
6812         06        097    151700      2027  ...  700241  060971517002   06097151700          06097
22360        06        097    151700      2025  ...  700241  060971517002   06097151700          06097
92991        06        097    151700      2029  ...  700241  060971517002   06097151700          06097

[3 rows x 21 columns]
08/01/2025 12:55:46 PM - DEBUG -   No neighbors in same block group with maz/taz
08/01/2025 12:55:46 PM - DEBUG -   No neighbors in same block group with maz/taz
08/01/2025 12:55:46 PM - DEBUG -   No neighbors in same block group with maz/taz
08/01/2025 12:55:46 PM - INFO - ====> moved 0 blocks to neighbor
08/01/2025 12:55:46 PM - WARNING - Multiple GEOID10_TRACT for a single taz: 2
08/01/2025 12:55:46 PM - WARNING - 
        GEOID10_TRACT
taz                  
327                 2
700241              2
08/01/2025 12:55:46 PM - INFO - splitting taz for tract
08/01/2025 12:55:46 PM - INFO - Attempting to fix taz    327
08/01/2025 12:55:46 PM - DEBUG - 
               ALAND10  ALAND10_pct
GEOID10_TRACT                      
06075017902       4650         0.01
06075023103     748028         0.99
08/01/2025 12:55:46 PM - INFO - Tract/taz portion too small -- skipping
08/01/2025 12:55:46 PM - INFO - Attempting to fix taz 700241
08/01/2025 12:55:46 PM - DEBUG - 
               ALAND10  ALAND10_pct
GEOID10_TRACT                      
06097151503     977478         1.00
06097151700       4177         0.00
08/01/2025 12:55:46 PM - INFO - Tract/taz portion too small -- skipping
08/01/2025 12:55:46 PM - INFO - Verified one GEOID10_COUNTY per taz
08/01/2025 12:55:46 PM - INFO - No blocks moved or tazs split -- exiting iterations
08/01/2025 12:55:46 PM - INFO - Saving crosswalk as final crosswalk: blocks_mazs_tazs_2.4.csv
08/01/2025 12:55:46 PM - INFO - Number of blocks per maz: 
08/01/2025 12:55:46 PM - INFO -    Min: 1
08/01/2025 12:55:46 PM - INFO -    Max: 89
08/01/2025 12:55:46 PM - INFO -   Mean: 2.6997432412022353
08/01/2025 12:55:46 PM - INFO - 
08/01/2025 12:55:46 PM - INFO - Number of maz per taz: 
08/01/2025 12:55:46 PM - INFO -    Min: 1
08/01/2025 12:55:46 PM - INFO -    Max: 118
08/01/2025 12:55:46 PM - INFO -   Mean: 8.389862724392819
08/01/2025 12:55:46 PM - INFO - 
08/01/2025 12:55:46 PM - INFO - Number of blocks without maz/taz: 1978
08/01/2025 12:55:46 PM - INFO - Number of blocks without maz/taz with land area: 0
08/01/2025 12:55:46 PM - INFO - Number of blocks with maz/taz without land area: 0
08/01/2025 12:55:46 PM - INFO - maz_taz_county_check=
                   maz             taz        
                   min     max     min     max
GEOID10_COUNTY                                
06001           310001  334484  300001  301132
06013           410001  428307  400001  400641
06041           810002  814506  800001  800210
06055           610002  661598  600001  600107
06075            10001   17386       1     651
06081           110002  119251  100001  100467
06085           210002  232367  200002  201093
06095           510002  520521  500001  500287
06097           710009  720388  700001  700387
08/01/2025 12:55:46 PM - INFO - Dissolving blocks into MAZs and TAZs
08/01/2025 12:56:06 PM - INFO - Calculated part count for mazs
08/01/2025 12:56:06 PM - INFO - Calculated perimeter length for mazs
08/01/2025 12:56:06 PM - INFO - Calculated perim*perim/area for mazs
08/01/2025 12:56:06 PM - INFO - Calculated acres for mazs
08/01/2025 12:56:09 PM - INFO - Created 39,726 records
08/01/2025 12:56:09 PM - INFO - Saving final mazs into mazs_TM2_2_4.shp
08/01/2025 12:56:38 PM - INFO - Calculated part count for tazs
08/01/2025 12:56:38 PM - INFO - Calculated perimeter length for tazs
08/01/2025 12:56:38 PM - INFO - Calculated perim*perim/area for tazs
08/01/2025 12:56:38 PM - INFO - Calculated acres for tazs
08/01/2025 12:56:38 PM - INFO - Created 4,735 records
08/01/2025 12:56:38 PM - INFO - Saving final tazs into tazs_TM2_2_4.shp
08/01/2025 12:56:39 PM - INFO - Read M:\Data\Census\Geography\tl_2010_06_puma10\2010_Census_Tract_to_2010_PUMA.txt; head=
  STATEFP10 COUNTYFP10 TRACTCE10 PUMA10
0        01        001    020100  02100
1        01        001    020200  02100
2        01        001    020300  02100
3        01        001    020400  02100
4        01        001    020500  02100
08/01/2025 12:56:39 PM - INFO - blocks_maz_df len=107,250.head():
  STATEFP10 COUNTYFP10 TRACTCE10 BLOCKCE10          GEOID10  ...     maz     taz    GEOID10_BG GEOID10_TRACT GEOID10_COUNTY
0        06        055    201700      4004  060552017004004  ...  610054  600102  060552017004   06055201700          06055
1        06        055    201700      1013  060552017001013  ...  611025  600006  060552017001   06055201700          06055
2        06        055    201700      4007  060552017004007  ...  610857  600102  060552017004   06055201700          06055
3        06        055    201700      4023  060552017004023  ...  611028  600102  060552017004   06055201700          06055
4        06        055    201403      1023  060552014031023  ...  610051  600097  060552014031   06055201403          06055

[5 rows x 21 columns]
08/01/2025 12:56:39 PM - INFO - blocks_maz_df len=107,250.head():
  STATEFP10 COUNTYFP10 TRACTCE10 BLOCKCE10          GEOID10  ...     taz    GEOID10_BG GEOID10_TRACT GEOID10_COUNTY PUMA10
0        06        055    201700      4004  060552017004004  ...  600102  060552017004   06055201700          06055  05500
1        06        055    201700      1013  060552017001013  ...  600006  060552017001   06055201700          06055  05500
2        06        055    201700      4007  060552017004007  ...  600102  060552017004   06055201700          06055  05500
3        06        055    201700      4023  060552017004023  ...  600102  060552017004   06055201700          06055  05500
4        06        055    201403      1023  060552014031023  ...  600097  060552014031   06055201403          06055  05500

[5 rows x 22 columns]
