21-Apr-2025 (07:34:45)   INFO: Start iteration 0
21-Apr-2025 (07:34:45)   INFO: Start Create highway time of day scenarios.
21-Apr-2025 (07:38:06)   INFO:   Start Copy base to period scenarios and set per-period attributes
21-Apr-2025 (07:38:26)   INFO:   End Copy base to period scenarios and set per-period attributes
21-Apr-2025 (07:38:26)   INFO: End Create highway time of day scenarios.
21-Apr-2025 (07:38:26)   INFO: Start Create transit time of day scenarios.
21-Apr-2025 (07:38:26) STATUS:   Start prepare base scenario
21-Apr-2025 (07:41:12) STATUS:   End prepare base scenario
21-Apr-2025 (07:41:12)   INFO:   Start Copy base to period scenarios and set per-period attributes
21-Apr-2025 (07:41:57)   INFO:   End Copy base to period scenarios and set per-period attributes
21-Apr-2025 (07:41:57) STATUS:   Start remove transit lines from other periods
21-Apr-2025 (07:41:57) STATUS:     Start period EA
21-Apr-2025 (07:43:59) STATUS:     End period EA
21-Apr-2025 (07:43:59) STATUS:     Start period AM
21-Apr-2025 (07:46:07) STATUS:     End period AM
21-Apr-2025 (07:46:07) STATUS:     Start period MD
21-Apr-2025 (07:48:24) STATUS:     End period MD
21-Apr-2025 (07:48:24) STATUS:     Start period PM
21-Apr-2025 (07:50:30) STATUS:     End period PM
21-Apr-2025 (07:50:30) STATUS:     Start period EV
21-Apr-2025 (07:52:47) STATUS:     End period EV
21-Apr-2025 (07:52:47) STATUS:   End remove transit lines from other periods
21-Apr-2025 (07:52:47)   INFO: End Create transit time of day scenarios.
21-Apr-2025 (07:52:47)   INFO: Start active mode skim
21-Apr-2025 (07:52:47)   INFO:   Start Active modes shortest path skims emme_project\Database_active_south\emmebank
21-Apr-2025 (08:29:12)   INFO:   End Active modes shortest path skims emme_project\Database_active_south\emmebank
21-Apr-2025 (08:29:12)   INFO:   Start Active modes shortest path skims emme_project\Database_active_north\emmebank
21-Apr-2025 (08:32:42)   INFO:   End Active modes shortest path skims emme_project\Database_active_north\emmebank
21-Apr-2025 (08:32:42)   INFO: End active mode skim
21-Apr-2025 (08:32:42)   INFO: Start AirPassenger run
21-Apr-2025 (08:32:56)   INFO: End AirPassenger run
21-Apr-2025 (08:32:56)   INFO: Start Prepare network attributes and modes
21-Apr-2025 (08:39:40)   WARN:   set tolls failed index lookup 8002, link 328188-328206
21-Apr-2025 (08:39:40)   WARN:   set tolls failed index lookup 8002, link 328192-328219
21-Apr-2025 (08:39:40)   WARN:   set tolls failed index lookup 8002, link 328193-328268
21-Apr-2025 (08:39:40)   WARN:   set tolls failed index lookup 8002, link 328199-328211
21-Apr-2025 (08:39:40)   WARN:   set tolls failed index lookup 8002, link 328201-328151
21-Apr-2025 (08:39:40)   WARN:   set tolls failed index lookup 8002, link 328203-328216
21-Apr-2025 (08:39:40)   WARN:   set tolls failed index lookup 8002, link 328204-328246
21-Apr-2025 (08:39:40)   WARN:   set tolls failed index lookup 8002, link 328208-328290
21-Apr-2025 (08:39:40)   WARN:   set tolls failed index lookup 8002, link 328209-328169
21-Apr-2025 (08:39:40)   WARN:   set tolls failed index lookup 8002, link 328211-328186
21-Apr-2025 (08:39:40)   WARN:   set tolls failed index lookup 8002, link 328212-328264
21-Apr-2025 (08:39:40)   WARN:   set tolls failed index lookup 8002, link 328216-328222
21-Apr-2025 (08:39:40)   WARN:   set tolls failed index lookup 8002, link 328217-328291
21-Apr-2025 (08:39:40)   WARN:   set tolls failed index lookup 8002, link 328219-328281
21-Apr-2025 (08:39:40)   WARN:   set tolls failed index lookup 8002, link 328222-328112
21-Apr-2025 (08:39:40)   WARN:   set tolls failed index lookup 8002, link 328227-328212
21-Apr-2025 (08:39:40)   WARN:   set tolls failed index lookup 8002, link 328228-328283
21-Apr-2025 (08:39:40)   WARN:   set tolls failed index lookup 8002, link 328232-328164
21-Apr-2025 (08:39:40)   WARN:   set tolls failed index lookup 8002, link 328236-328201
21-Apr-2025 (08:39:40)   WARN:   set tolls failed index lookup 8002, link 328241-328217
21-Apr-2025 (08:39:40)   WARN:   set tolls failed index lookup 8002, link 328244-328181
21-Apr-2025 (08:39:40)   WARN:   set tolls failed index lookup 8002, link 328246-328236
21-Apr-2025 (08:39:40)   WARN:   set tolls failed index lookup 8002, link 328249-328183
21-Apr-2025 (08:39:40)   WARN:   set tolls failed index lookup 8002, link 328254-328130
21-Apr-2025 (08:39:40)   WARN:   set tolls failed index lookup 8002, link 328257-328128
21-Apr-2025 (08:39:40)   WARN:   set tolls failed index lookup 8002, link 328262-328275
21-Apr-2025 (08:39:40)   WARN:   set tolls failed index lookup 8002, link 328264-328204
21-Apr-2025 (08:39:40)   WARN:   set tolls failed index lookup 8002, link 328267-328134
21-Apr-2025 (08:39:40)   WARN:   set tolls failed index lookup 8002, link 328268-328254
21-Apr-2025 (08:39:40)   WARN:   set tolls failed index lookup 8002, link 328269-328138
21-Apr-2025 (08:39:40)   WARN:   set tolls failed index lookup 8002, link 328274-328145
21-Apr-2025 (08:39:40)   WARN:   set tolls failed index lookup 8002, link 328275-328158
21-Apr-2025 (08:39:40)   WARN:   set tolls failed index lookup 8002, link 328277-328269
21-Apr-2025 (08:39:40)   WARN:   set tolls failed index lookup 8002, link 328281-328171
21-Apr-2025 (08:39:40)   WARN:   set tolls failed index lookup 8002, link 328283-328156
21-Apr-2025 (08:39:40)   WARN:   set tolls failed index lookup 8002, link 328287-328148
21-Apr-2025 (08:39:40)   WARN:   set tolls failed index lookup 8002, link 328288-328178
21-Apr-2025 (08:39:40)   WARN:   set tolls failed index lookup 3002, link 328289-328137
21-Apr-2025 (08:39:40)   WARN:   set tolls failed index lookup 3002, link 328290-328267
21-Apr-2025 (08:39:40)   WARN:   set tolls failed index lookup 3002, link 328291-328288
21-Apr-2025 (08:39:40)   WARN:   set tolls failed index lookup 3002, link 328292-328203
21-Apr-2025 (08:39:40)   WARN:   set tolls failed index lookup 3002, link 328293-328162
21-Apr-2025 (08:39:40)   WARN:   set tolls failed index lookup 2002, link 328302-328315
21-Apr-2025 (08:39:40)   WARN:   set tolls failed index lookup 4002, link 328488-326953
21-Apr-2025 (08:52:11)   WARN:   set tolls failed index lookup 8002, link 328188-328206
21-Apr-2025 (08:52:11)   WARN:   set tolls failed index lookup 8002, link 328192-328219
21-Apr-2025 (08:52:11)   WARN:   set tolls failed index lookup 8002, link 328193-328268
21-Apr-2025 (08:52:11)   WARN:   set tolls failed index lookup 8002, link 328199-328211
21-Apr-2025 (08:52:11)   WARN:   set tolls failed index lookup 8002, link 328201-328151
21-Apr-2025 (08:52:11)   WARN:   set tolls failed index lookup 8002, link 328203-328216
21-Apr-2025 (08:52:11)   WARN:   set tolls failed index lookup 8002, link 328204-328246
21-Apr-2025 (08:52:11)   WARN:   set tolls failed index lookup 8002, link 328208-328290
21-Apr-2025 (08:52:11)   WARN:   set tolls failed index lookup 8002, link 328209-328169
21-Apr-2025 (08:52:11)   WARN:   set tolls failed index lookup 8002, link 328211-328186
21-Apr-2025 (08:52:11)   WARN:   set tolls failed index lookup 8002, link 328212-328264
21-Apr-2025 (08:52:11)   WARN:   set tolls failed index lookup 8002, link 328216-328222
21-Apr-2025 (08:52:11)   WARN:   set tolls failed index lookup 8002, link 328217-328291
21-Apr-2025 (08:52:11)   WARN:   set tolls failed index lookup 8002, link 328219-328281
21-Apr-2025 (08:52:11)   WARN:   set tolls failed index lookup 8002, link 328222-328112
21-Apr-2025 (08:52:11)   WARN:   set tolls failed index lookup 8002, link 328227-328212
21-Apr-2025 (08:52:11)   WARN:   set tolls failed index lookup 8002, link 328228-328283
21-Apr-2025 (08:52:11)   WARN:   set tolls failed index lookup 8002, link 328232-328164
21-Apr-2025 (08:52:11)   WARN:   set tolls failed index lookup 8002, link 328236-328201
21-Apr-2025 (08:52:11)   WARN:   set tolls failed index lookup 8002, link 328241-328217
21-Apr-2025 (08:52:11)   WARN:   set tolls failed index lookup 8002, link 328244-328181
21-Apr-2025 (08:52:11)   WARN:   set tolls failed index lookup 8002, link 328246-328236
21-Apr-2025 (08:52:11)   WARN:   set tolls failed index lookup 8002, link 328249-328183
21-Apr-2025 (08:52:11)   WARN:   set tolls failed index lookup 8002, link 328254-328130
21-Apr-2025 (08:52:11)   WARN:   set tolls failed index lookup 8002, link 328257-328128
21-Apr-2025 (08:52:11)   WARN:   set tolls failed index lookup 8002, link 328262-328275
21-Apr-2025 (08:52:11)   WARN:   set tolls failed index lookup 8002, link 328264-328204
21-Apr-2025 (08:52:11)   WARN:   set tolls failed index lookup 8002, link 328267-328134
21-Apr-2025 (08:52:11)   WARN:   set tolls failed index lookup 8002, link 328268-328254
21-Apr-2025 (08:52:11)   WARN:   set tolls failed index lookup 8002, link 328269-328138
21-Apr-2025 (08:52:11)   WARN:   set tolls failed index lookup 8002, link 328274-328145
21-Apr-2025 (08:52:11)   WARN:   set tolls failed index lookup 8002, link 328275-328158
21-Apr-2025 (08:52:11)   WARN:   set tolls failed index lookup 8002, link 328277-328269
21-Apr-2025 (08:52:11)   WARN:   set tolls failed index lookup 8002, link 328281-328171
21-Apr-2025 (08:52:11)   WARN:   set tolls failed index lookup 8002, link 328283-328156
21-Apr-2025 (08:52:11)   WARN:   set tolls failed index lookup 8002, link 328287-328148
21-Apr-2025 (08:52:11)   WARN:   set tolls failed index lookup 8002, link 328288-328178
21-Apr-2025 (08:52:11)   WARN:   set tolls failed index lookup 3002, link 328289-328137
21-Apr-2025 (08:52:11)   WARN:   set tolls failed index lookup 3002, link 328290-328267
21-Apr-2025 (08:52:11)   WARN:   set tolls failed index lookup 3002, link 328291-328288
21-Apr-2025 (08:52:11)   WARN:   set tolls failed index lookup 3002, link 328292-328203
21-Apr-2025 (08:52:11)   WARN:   set tolls failed index lookup 3002, link 328293-328162
21-Apr-2025 (08:52:11)   WARN:   set tolls failed index lookup 2002, link 328302-328315
21-Apr-2025 (08:52:11)   WARN:   set tolls failed index lookup 4002, link 328488-326953
21-Apr-2025 (09:04:33)   INFO: End Prepare network attributes and modes
21-Apr-2025 (09:04:33) STATUS: Start Highway assignment and skims
21-Apr-2025 (09:07:19) STATUS:   Start Highway assignment for period EA
21-Apr-2025 (09:07:20)   INFO:     Start Run SOLA assignment without path analyses
21-Apr-2025 (09:11:38)   INFO:     End Run SOLA assignment without path analyses
21-Apr-2025 (09:11:45)   INFO:     Start Run SOLA assignment with path analyses
21-Apr-2025 (09:28:47)   INFO:     End Run SOLA assignment with path analyses
21-Apr-2025 (09:32:16) STATUS:   End Highway assignment for period EA
21-Apr-2025 (09:32:16) STATUS:   Start Highway assignment for period AM
21-Apr-2025 (09:32:16)   INFO:     Start Run SOLA assignment without path analyses
21-Apr-2025 (09:40:57)   INFO:     End Run SOLA assignment without path analyses
21-Apr-2025 (09:41:05)   INFO:     Start Run SOLA assignment with path analyses
21-Apr-2025 (10:22:57)   INFO:     End Run SOLA assignment with path analyses
21-Apr-2025 (10:26:36) STATUS:   End Highway assignment for period AM
21-Apr-2025 (10:26:36) STATUS:   Start Highway assignment for period MD
21-Apr-2025 (10:26:37)   INFO:     Start Run SOLA assignment without path analyses
21-Apr-2025 (10:32:41)   INFO:     End Run SOLA assignment without path analyses
21-Apr-2025 (10:32:48)   INFO:     Start Run SOLA assignment with path analyses
21-Apr-2025 (10:59:36)   INFO:     End Run SOLA assignment with path analyses
21-Apr-2025 (11:03:06) STATUS:   End Highway assignment for period MD
21-Apr-2025 (11:03:06) STATUS:   Start Highway assignment for period PM
21-Apr-2025 (11:03:07)   INFO:     Start Run SOLA assignment without path analyses
21-Apr-2025 (11:20:54)   INFO:     End Run SOLA assignment without path analyses
21-Apr-2025 (11:21:01)   INFO:     Start Run SOLA assignment with path analyses
21-Apr-2025 (12:37:41)   INFO:     End Run SOLA assignment with path analyses
21-Apr-2025 (12:41:22) STATUS:   End Highway assignment for period PM
21-Apr-2025 (12:41:22) STATUS:   Start Highway assignment for period EV
21-Apr-2025 (12:41:22)   INFO:     Start Run SOLA assignment without path analyses
21-Apr-2025 (12:45:27)   INFO:     End Run SOLA assignment without path analyses
21-Apr-2025 (12:45:34)   INFO:     Start Run SOLA assignment with path analyses
21-Apr-2025 (13:02:12)   INFO:     End Run SOLA assignment with path analyses
21-Apr-2025 (13:05:42) STATUS:   End Highway assignment for period EV
21-Apr-2025 (13:05:42) STATUS: End Highway assignment and skims
21-Apr-2025 (13:05:42)   INFO: Start SkimMAZCosts run
21-Apr-2025 (13:16:19)   INFO: End SkimMAZCosts run
21-Apr-2025 (13:16:19)   INFO: Start Prepare transit network attributes and update times from auto network.
21-Apr-2025 (13:16:19) STATUS:   Start period EA
21-Apr-2025 (13:24:41) STATUS:   End period EA
21-Apr-2025 (13:24:41) STATUS:   Start period AM
21-Apr-2025 (13:33:29) STATUS:   End period AM
21-Apr-2025 (13:33:29) STATUS:   Start period MD
21-Apr-2025 (13:42:10) STATUS:   End period MD
21-Apr-2025 (13:42:10) STATUS:   Start period PM
21-Apr-2025 (13:51:13) STATUS:   End period PM
21-Apr-2025 (13:51:13) STATUS:   Start period EV
21-Apr-2025 (14:00:21) STATUS:   End period EV
21-Apr-2025 (14:00:26)   INFO: End Prepare transit network attributes and update times from auto network.
21-Apr-2025 (14:00:26)   INFO: Start Transit assignments
21-Apr-2025 (14:00:26)   INFO:   Start Prepare transit demand
21-Apr-2025 (14:01:20)   INFO:   End Prepare transit demand
21-Apr-2025 (14:08:23)   INFO:   Start Transit assignments for a time period
21-Apr-2025 (14:41:13)   INFO:   End Transit assignments for a time period
21-Apr-2025 (15:29:02)   INFO:   Start Transit assignments for a time period
21-Apr-2025 (16:04:14)   INFO:   End Transit assignments for a time period
21-Apr-2025 (16:54:49)   INFO:   Start Transit assignments for a time period
21-Apr-2025 (17:29:41)   INFO:   End Transit assignments for a time period
21-Apr-2025 (18:20:07)   INFO:   Start Transit assignments for a time period
21-Apr-2025 (18:55:24)   INFO:   End Transit assignments for a time period
21-Apr-2025 (19:46:17)   INFO:   Start Transit assignments for a time period
21-Apr-2025 (20:21:44)   INFO:   End Transit assignments for a time period
21-Apr-2025 (21:04:31)   INFO: End Transit assignments
21-Apr-2025 (21:04:31)   INFO: Start Transit skims
21-Apr-2025 (21:04:31) STATUS:   Start period transit skims
22-Apr-2025 (02:31:35) STATUS:   End period transit skims
22-Apr-2025 (02:31:35)   INFO: End Transit skims
22-Apr-2025 (02:31:35)   INFO: Start iteration 1
22-Apr-2025 (02:31:35)   INFO: Start HouseholdModel run
22-Apr-2025 (03:51:16)   INFO:   Start Prepare household demand matrices.
22-Apr-2025 (04:24:07)   INFO:   End Prepare household demand matrices.
22-Apr-2025 (04:24:07)   INFO: End HouseholdModel run
22-Apr-2025 (04:24:07)   INFO: Start InternalExternal run
22-Apr-2025 (04:24:12)   INFO:   Start TimePeriodSplit run
22-Apr-2025 (04:24:26)   INFO:   End TimePeriodSplit run
22-Apr-2025 (04:24:26)   INFO:   Start ExternalTollChoice run
22-Apr-2025 (04:29:00)   INFO:   End ExternalTollChoice run
22-Apr-2025 (04:29:00)   INFO:   Start InternalExternal _export_results
22-Apr-2025 (04:32:30)   INFO:   End InternalExternal _export_results
22-Apr-2025 (04:32:31)   INFO: End InternalExternal run
22-Apr-2025 (04:32:31)   INFO: Start CommercialVehicleModel run
22-Apr-2025 (04:32:31)   INFO:   Start CommercialVehicleTripGeneration run
22-Apr-2025 (04:32:32)   INFO:   End CommercialVehicleTripGeneration run
22-Apr-2025 (04:32:32)   INFO:   Start CommercialVehicleTripDistribution run
22-Apr-2025 (04:33:16)   INFO:   End CommercialVehicleTripDistribution run
22-Apr-2025 (04:33:16)   INFO:   Start CommercialVehicleTimeOfDay run
22-Apr-2025 (04:33:18)   INFO:   End CommercialVehicleTimeOfDay run
22-Apr-2025 (04:33:18)   INFO:   Start CommercialVehicleTollChoice run
22-Apr-2025 (04:39:23)   INFO:   End CommercialVehicleTollChoice run
22-Apr-2025 (04:44:50)   INFO: End CommercialVehicleModel run
22-Apr-2025 (04:44:50)   INFO: Start AssignMAZSPDemand run
22-Apr-2025 (04:44:50) STATUS:   Start MAZ assign for period EA scenario 11
22-Apr-2025 (04:45:53) STATUS:   End MAZ assign for period EA scenario 11
22-Apr-2025 (04:45:53) STATUS:   Start MAZ assign for period AM scenario 12
22-Apr-2025 (04:46:54) STATUS:   End MAZ assign for period AM scenario 12
22-Apr-2025 (04:46:54) STATUS:   Start MAZ assign for period MD scenario 13
22-Apr-2025 (04:47:54) STATUS:   End MAZ assign for period MD scenario 13
22-Apr-2025 (04:47:54) STATUS:   Start MAZ assign for period PM scenario 14
22-Apr-2025 (04:49:42) STATUS:   End MAZ assign for period PM scenario 14
22-Apr-2025 (04:49:42) STATUS:   Start MAZ assign for period EV scenario 15
22-Apr-2025 (04:50:42) STATUS:   End MAZ assign for period EV scenario 15
22-Apr-2025 (04:50:42)   INFO: End AssignMAZSPDemand run
22-Apr-2025 (04:50:42) STATUS: Start Highway assignment and skims
22-Apr-2025 (04:54:20) STATUS:   Start Highway assignment for period EA
22-Apr-2025 (04:54:20)   INFO:     Start Run SOLA assignment without path analyses
22-Apr-2025 (04:58:24)   INFO:     End Run SOLA assignment without path analyses
22-Apr-2025 (04:58:31)   INFO:     Start Run SOLA assignment with path analyses
22-Apr-2025 (05:15:24)   INFO:     End Run SOLA assignment with path analyses
22-Apr-2025 (05:41:31) STATUS:   End Highway assignment for period EA
22-Apr-2025 (05:41:31) STATUS:   Start Highway assignment for period AM
22-Apr-2025 (05:41:32)   INFO:     Start Run SOLA assignment without path analyses
22-Apr-2025 (05:46:54)   INFO:     End Run SOLA assignment without path analyses
22-Apr-2025 (05:47:02)   INFO:     Start Run SOLA assignment with path analyses
22-Apr-2025 (06:09:56)   INFO:     End Run SOLA assignment with path analyses
22-Apr-2025 (06:35:39) STATUS:   End Highway assignment for period AM
22-Apr-2025 (06:35:39) STATUS:   Start Highway assignment for period MD
22-Apr-2025 (06:35:39)   INFO:     Start Run SOLA assignment without path analyses
22-Apr-2025 (06:42:57)   INFO:     End Run SOLA assignment without path analyses
22-Apr-2025 (06:43:05)   INFO:     Start Run SOLA assignment with path analyses
22-Apr-2025 (07:15:55)   INFO:     End Run SOLA assignment with path analyses
22-Apr-2025 (07:41:49) STATUS:   End Highway assignment for period MD
22-Apr-2025 (07:41:49) STATUS:   Start Highway assignment for period PM
22-Apr-2025 (07:41:49)   INFO:     Start Run SOLA assignment without path analyses
22-Apr-2025 (07:51:48)   INFO:     End Run SOLA assignment without path analyses
22-Apr-2025 (07:51:55)   INFO:     Start Run SOLA assignment with path analyses
22-Apr-2025 (08:32:16)   INFO:     End Run SOLA assignment with path analyses
22-Apr-2025 (08:57:48) STATUS:   End Highway assignment for period PM
22-Apr-2025 (08:57:48) STATUS:   Start Highway assignment for period EV
22-Apr-2025 (08:57:49)   INFO:     Start Run SOLA assignment without path analyses
22-Apr-2025 (09:01:51)   INFO:     End Run SOLA assignment without path analyses
22-Apr-2025 (09:01:58)   INFO:     Start Run SOLA assignment with path analyses
22-Apr-2025 (09:17:40)   INFO:     End Run SOLA assignment with path analyses
22-Apr-2025 (09:42:40) STATUS:   End Highway assignment for period EV
22-Apr-2025 (09:42:40) STATUS: End Highway assignment and skims
22-Apr-2025 (09:42:40)   INFO: Start Transit assignments
22-Apr-2025 (09:42:40)   INFO:   Start Prepare transit demand
22-Apr-2025 (09:43:13)   INFO:   End Prepare transit demand
22-Apr-2025 (09:50:36)   INFO:   Start Transit assignments for a time period
22-Apr-2025 (10:25:04)   INFO:   End Transit assignments for a time period
22-Apr-2025 (11:16:46)   INFO:   Start Transit assignments for a time period
22-Apr-2025 (13:36:03)   INFO:   End Transit assignments for a time period
22-Apr-2025 (14:31:59)   INFO:   Start Transit assignments for a time period
22-Apr-2025 (15:08:33)   INFO:   End Transit assignments for a time period
22-Apr-2025 (16:03:13)   INFO:   Start Transit assignments for a time period
22-Apr-2025 (17:32:21)   INFO:   End Transit assignments for a time period
22-Apr-2025 (18:31:05)   INFO:   Start Transit assignments for a time period
22-Apr-2025 (19:06:45)   INFO:   End Transit assignments for a time period
22-Apr-2025 (19:54:33)   INFO: End Transit assignments
22-Apr-2025 (19:54:33)   INFO: Start Transit skims
22-Apr-2025 (19:54:33) STATUS:   Start period transit skims
23-Apr-2025 (02:28:48) STATUS:   End period transit skims
23-Apr-2025 (02:28:48)   INFO: End Transit skims
23-Apr-2025 (02:28:48)   INFO: Start iteration 2
23-Apr-2025 (02:28:48)   INFO: Start HouseholdModel run
23-Apr-2025 (06:41:16)   INFO:   Start Prepare household demand matrices.
23-Apr-2025 (07:22:00)   INFO:   End Prepare household demand matrices.
23-Apr-2025 (07:22:00)   INFO: End HouseholdModel run
23-Apr-2025 (07:22:00)   INFO: Start InternalExternal run
23-Apr-2025 (07:22:01)   INFO:   Start TimePeriodSplit run
23-Apr-2025 (07:22:14)   INFO:   End TimePeriodSplit run
23-Apr-2025 (07:22:14)   INFO:   Start ExternalTollChoice run
23-Apr-2025 (07:28:06)   INFO:   End ExternalTollChoice run
23-Apr-2025 (07:28:06)   INFO:   Start InternalExternal _export_results
23-Apr-2025 (07:33:00)   INFO:   End InternalExternal _export_results
23-Apr-2025 (07:33:02)   INFO: End InternalExternal run
23-Apr-2025 (07:33:02)   INFO: Start CommercialVehicleModel run
23-Apr-2025 (07:33:02)   INFO:   Start CommercialVehicleTripGeneration run
23-Apr-2025 (07:33:02)   INFO:   End CommercialVehicleTripGeneration run
23-Apr-2025 (07:33:02)   INFO:   Start CommercialVehicleTripDistribution run
23-Apr-2025 (07:33:20)   INFO:   End CommercialVehicleTripDistribution run
23-Apr-2025 (07:33:20)   INFO:   Start CommercialVehicleTimeOfDay run
23-Apr-2025 (07:33:23)   INFO:   End CommercialVehicleTimeOfDay run
23-Apr-2025 (07:33:23)   INFO:   Start CommercialVehicleTollChoice run
23-Apr-2025 (07:41:24)   INFO:   End CommercialVehicleTollChoice run
23-Apr-2025 (07:48:49)   INFO: End CommercialVehicleModel run
23-Apr-2025 (07:48:49)   INFO: Start AssignMAZSPDemand run
23-Apr-2025 (07:48:49) STATUS:   Start MAZ assign for period EA scenario 11
23-Apr-2025 (07:50:56) STATUS:   End MAZ assign for period EA scenario 11
23-Apr-2025 (07:50:56) STATUS:   Start MAZ assign for period AM scenario 12
23-Apr-2025 (07:52:03) STATUS:   End MAZ assign for period AM scenario 12
23-Apr-2025 (07:52:03) STATUS:   Start MAZ assign for period MD scenario 13
23-Apr-2025 (07:53:08) STATUS:   End MAZ assign for period MD scenario 13
23-Apr-2025 (07:53:08) STATUS:   Start MAZ assign for period PM scenario 14
23-Apr-2025 (07:54:12) STATUS:   End MAZ assign for period PM scenario 14
23-Apr-2025 (07:54:12) STATUS:   Start MAZ assign for period EV scenario 15
23-Apr-2025 (07:55:14) STATUS:   End MAZ assign for period EV scenario 15
23-Apr-2025 (07:55:14)   INFO: End AssignMAZSPDemand run
23-Apr-2025 (07:55:14) STATUS: Start Highway assignment and skims
23-Apr-2025 (07:59:17) STATUS:   Start Highway assignment for period EA
23-Apr-2025 (07:59:17)   INFO:     Start Run SOLA assignment with path analyses
23-Apr-2025 (08:14:19)   INFO:     End Run SOLA assignment with path analyses
23-Apr-2025 (08:40:34) STATUS:   End Highway assignment for period EA
23-Apr-2025 (08:40:34) STATUS:   Start Highway assignment for period AM
23-Apr-2025 (08:40:34)   INFO:     Start Run SOLA assignment with path analyses
23-Apr-2025 (09:01:56)   INFO:     End Run SOLA assignment with path analyses
23-Apr-2025 (09:28:05) STATUS:   End Highway assignment for period AM
23-Apr-2025 (09:28:05) STATUS:   Start Highway assignment for period MD
23-Apr-2025 (09:28:05)   INFO:     Start Run SOLA assignment with path analyses
23-Apr-2025 (09:58:08)   INFO:     End Run SOLA assignment with path analyses
23-Apr-2025 (10:24:10) STATUS:   End Highway assignment for period MD
23-Apr-2025 (10:24:10) STATUS:   Start Highway assignment for period PM
23-Apr-2025 (10:24:10)   INFO:     Start Run SOLA assignment with path analyses
23-Apr-2025 (11:01:40)   INFO:     End Run SOLA assignment with path analyses
23-Apr-2025 (11:28:17) STATUS:   End Highway assignment for period PM
23-Apr-2025 (11:28:17) STATUS:   Start Highway assignment for period EV
23-Apr-2025 (11:28:17)   INFO:     Start Run SOLA assignment with path analyses
23-Apr-2025 (11:43:46)   INFO:     End Run SOLA assignment with path analyses
23-Apr-2025 (12:09:57) STATUS:   End Highway assignment for period EV
23-Apr-2025 (12:09:57) STATUS: End Highway assignment and skims
23-Apr-2025 (12:09:57)   INFO: Start Transit assignments
23-Apr-2025 (12:09:57)   INFO:   Start Prepare transit demand
23-Apr-2025 (12:10:40)   INFO:   End Prepare transit demand
23-Apr-2025 (12:18:28)   INFO:   Start Transit assignments for a time period
23-Apr-2025 (12:54:47)   INFO:   End Transit assignments for a time period
23-Apr-2025 (13:48:11)   INFO:   Start Transit assignments for a time period
23-Apr-2025 (16:12:47)   INFO:   End Transit assignments for a time period
23-Apr-2025 (17:13:08)   INFO:   Start Transit assignments for a time period
23-Apr-2025 (17:49:24)   INFO:   End Transit assignments for a time period
23-Apr-2025 (18:50:56)   INFO:   Start Transit assignments for a time period
23-Apr-2025 (20:25:23)   INFO:   End Transit assignments for a time period
23-Apr-2025 (21:29:21)   INFO:   Start Transit assignments for a time period
23-Apr-2025 (22:05:22)   INFO:   End Transit assignments for a time period
23-Apr-2025 (22:57:24)   INFO: End Transit assignments
23-Apr-2025 (22:57:24)   INFO: Start Transit skims
23-Apr-2025 (22:57:24) STATUS:   Start period transit skims
24-Apr-2025 (06:13:33) STATUS:   End period transit skims
24-Apr-2025 (06:13:33)   INFO: End Transit skims
24-Apr-2025 (06:13:33)   INFO: Start iteration 3
24-Apr-2025 (06:13:33)   INFO: Start HouseholdModel run
24-Apr-2025 (13:16:33)   INFO:   Start Prepare household demand matrices.
24-Apr-2025 (13:55:43)   INFO:   End Prepare household demand matrices.
24-Apr-2025 (13:55:43)   INFO: End HouseholdModel run
24-Apr-2025 (13:55:43)   INFO: Start InternalExternal run
24-Apr-2025 (13:55:43)   INFO:   Start TimePeriodSplit run
24-Apr-2025 (13:55:57)   INFO:   End TimePeriodSplit run
24-Apr-2025 (13:55:57)   INFO:   Start ExternalTollChoice run
24-Apr-2025 (14:00:23)   INFO:   End ExternalTollChoice run
24-Apr-2025 (14:00:23)   INFO:   Start InternalExternal _export_results
24-Apr-2025 (14:03:38)   INFO:   End InternalExternal _export_results
24-Apr-2025 (14:03:40)   INFO: End InternalExternal run
24-Apr-2025 (14:03:40)   INFO: Start CommercialVehicleModel run
24-Apr-2025 (14:03:40)   INFO:   Start CommercialVehicleTripGeneration run
24-Apr-2025 (14:03:40)   INFO:   End CommercialVehicleTripGeneration run
24-Apr-2025 (14:03:40)   INFO:   Start CommercialVehicleTripDistribution run
24-Apr-2025 (14:03:58)   INFO:   End CommercialVehicleTripDistribution run
24-Apr-2025 (14:03:58)   INFO:   Start CommercialVehicleTimeOfDay run
24-Apr-2025 (14:04:00)   INFO:   End CommercialVehicleTimeOfDay run
24-Apr-2025 (14:04:00)   INFO:   Start CommercialVehicleTollChoice run
24-Apr-2025 (14:10:10)   INFO:   End CommercialVehicleTollChoice run
24-Apr-2025 (14:15:32)   INFO: End CommercialVehicleModel run
24-Apr-2025 (14:15:32)   INFO: Start AssignMAZSPDemand run
24-Apr-2025 (14:15:32) STATUS:   Start MAZ assign for period EA scenario 11
24-Apr-2025 (14:16:39) STATUS:   End MAZ assign for period EA scenario 11
24-Apr-2025 (14:16:39) STATUS:   Start MAZ assign for period AM scenario 12
24-Apr-2025 (14:18:25) STATUS:   End MAZ assign for period AM scenario 12
24-Apr-2025 (14:18:25) STATUS:   Start MAZ assign for period MD scenario 13
24-Apr-2025 (14:19:30) STATUS:   End MAZ assign for period MD scenario 13
24-Apr-2025 (14:19:30) STATUS:   Start MAZ assign for period PM scenario 14
24-Apr-2025 (14:20:34) STATUS:   End MAZ assign for period PM scenario 14
24-Apr-2025 (14:20:34) STATUS:   Start MAZ assign for period EV scenario 15
24-Apr-2025 (14:21:37) STATUS:   End MAZ assign for period EV scenario 15
24-Apr-2025 (14:21:37)   INFO: End AssignMAZSPDemand run
24-Apr-2025 (14:21:37) STATUS: Start Highway assignment and skims
24-Apr-2025 (14:25:45) STATUS:   Start Highway assignment for period EA
24-Apr-2025 (14:25:45)   INFO:     Start Run SOLA assignment with path analyses
24-Apr-2025 (14:42:13)   INFO:     End Run SOLA assignment with path analyses
24-Apr-2025 (15:06:25) STATUS:   End Highway assignment for period EA
24-Apr-2025 (15:06:25) STATUS:   Start Highway assignment for period AM
24-Apr-2025 (15:06:26)   INFO:     Start Run SOLA assignment with path analyses
24-Apr-2025 (15:28:02)   INFO:     End Run SOLA assignment with path analyses
24-Apr-2025 (15:53:30) STATUS:   End Highway assignment for period AM
24-Apr-2025 (15:53:30) STATUS:   Start Highway assignment for period MD
24-Apr-2025 (15:53:30)   INFO:     Start Run SOLA assignment with path analyses
24-Apr-2025 (16:20:31)   INFO:     End Run SOLA assignment with path analyses
24-Apr-2025 (16:45:58) STATUS:   End Highway assignment for period MD
24-Apr-2025 (16:45:58) STATUS:   Start Highway assignment for period PM
24-Apr-2025 (16:45:58)   INFO:     Start Run SOLA assignment with path analyses
24-Apr-2025 (17:26:35)   INFO:     End Run SOLA assignment with path analyses
24-Apr-2025 (17:52:57) STATUS:   End Highway assignment for period PM
24-Apr-2025 (17:52:57) STATUS:   Start Highway assignment for period EV
24-Apr-2025 (17:52:57)   INFO:     Start Run SOLA assignment with path analyses
24-Apr-2025 (18:08:01)   INFO:     End Run SOLA assignment with path analyses
24-Apr-2025 (18:34:45) STATUS:   End Highway assignment for period EV
24-Apr-2025 (18:34:45) STATUS: End Highway assignment and skims
24-Apr-2025 (18:34:45)   INFO: Start Transit assignments
24-Apr-2025 (18:34:45)   INFO:   Start Prepare transit demand
24-Apr-2025 (18:37:08)   INFO:   End Prepare transit demand
24-Apr-2025 (18:45:07)   INFO:   Start Transit assignments for a time period
24-Apr-2025 (19:22:19)   INFO:   End Transit assignments for a time period
24-Apr-2025 (20:17:56)   INFO:   Start Transit assignments for a time period
24-Apr-2025 (22:44:39)   INFO:   End Transit assignments for a time period
24-Apr-2025 (23:47:48)   INFO:   Start Transit assignments for a time period
25-Apr-2025 (00:24:05)   INFO:   End Transit assignments for a time period
25-Apr-2025 (01:26:47)   INFO:   Start Transit assignments for a time period
25-Apr-2025 (03:01:37)   INFO:   End Transit assignments for a time period
25-Apr-2025 (04:07:14)   INFO:   Start Transit assignments for a time period
25-Apr-2025 (04:41:19)   INFO:   End Transit assignments for a time period
25-Apr-2025 (05:35:08)   INFO: End Transit assignments
25-Apr-2025 (05:35:08)   INFO: Start Transit skims
25-Apr-2025 (05:35:08) STATUS:   Start period transit skims
25-Apr-2025 (13:05:11) STATUS:   End period transit skims
25-Apr-2025 (13:05:11)   INFO: End Transit skims
