19-May-2025 (08:35:13)   INFO: Start iteration 0
19-May-2025 (08:35:13)   INFO: Start Create highway time of day scenarios.
19-May-2025 (08:38:44)   INFO:   Start Copy base to period scenarios and set per-period attributes
19-May-2025 (08:39:06)   INFO:   End Copy base to period scenarios and set per-period attributes
19-May-2025 (08:39:06)   INFO: End Create highway time of day scenarios.
19-May-2025 (08:39:06)   INFO: Start Create transit time of day scenarios.
19-May-2025 (08:39:06) STATUS:   Start prepare base scenario
19-May-2025 (08:42:05) STATUS:   End prepare base scenario
19-May-2025 (08:42:05)   INFO:   Start Copy base to period scenarios and set per-period attributes
19-May-2025 (08:43:01)   INFO:   End Copy base to period scenarios and set per-period attributes
19-May-2025 (08:43:01) STATUS:   Start remove transit lines from other periods
19-May-2025 (08:43:01) STATUS:     Start period EA
19-May-2025 (08:45:15) STATUS:     End period EA
19-May-2025 (08:45:15) STATUS:     Start period AM
19-May-2025 (08:47:36) STATUS:     End period AM
19-May-2025 (08:47:36) STATUS:     Start period MD
19-May-2025 (08:50:05) STATUS:     End period MD
19-May-2025 (08:50:05) STATUS:     Start period PM
19-May-2025 (08:52:40) STATUS:     End period PM
19-May-2025 (08:52:40) STATUS:     Start period EV
19-May-2025 (08:54:52) STATUS:     End period EV
19-May-2025 (08:54:52) STATUS:   End remove transit lines from other periods
19-May-2025 (08:54:52)   INFO: End Create transit time of day scenarios.
19-May-2025 (08:54:52)   INFO: Start active mode skim
19-May-2025 (08:54:53)   INFO:   Start Active modes shortest path skims emme_project\Database_active_south\emmebank
19-May-2025 (09:33:19)   INFO:   End Active modes shortest path skims emme_project\Database_active_south\emmebank
19-May-2025 (09:33:19)   INFO:   Start Active modes shortest path skims emme_project\Database_active_north\emmebank
19-May-2025 (09:37:10)   INFO:   End Active modes shortest path skims emme_project\Database_active_north\emmebank
19-May-2025 (09:37:10)   INFO: End active mode skim
19-May-2025 (09:37:10)   INFO: Start AirPassenger run
19-May-2025 (09:37:27)   INFO: End AirPassenger run
19-May-2025 (09:37:27)   INFO: Start Prepare network attributes and modes
19-May-2025 (09:44:33)   WARN:   set tolls failed index lookup 8002, link 328188-328206
19-May-2025 (09:44:33)   WARN:   set tolls failed index lookup 8002, link 328192-328219
19-May-2025 (09:44:33)   WARN:   set tolls failed index lookup 8002, link 328193-328268
19-May-2025 (09:44:33)   WARN:   set tolls failed index lookup 8002, link 328199-328211
19-May-2025 (09:44:33)   WARN:   set tolls failed index lookup 8002, link 328201-328151
19-May-2025 (09:44:33)   WARN:   set tolls failed index lookup 8002, link 328203-328216
19-May-2025 (09:44:33)   WARN:   set tolls failed index lookup 8002, link 328204-328246
19-May-2025 (09:44:33)   WARN:   set tolls failed index lookup 8002, link 328208-328290
19-May-2025 (09:44:33)   WARN:   set tolls failed index lookup 8002, link 328209-328169
19-May-2025 (09:44:33)   WARN:   set tolls failed index lookup 8002, link 328211-328186
19-May-2025 (09:44:33)   WARN:   set tolls failed index lookup 8002, link 328212-328264
19-May-2025 (09:44:33)   WARN:   set tolls failed index lookup 8002, link 328216-328222
19-May-2025 (09:44:33)   WARN:   set tolls failed index lookup 8002, link 328217-328291
19-May-2025 (09:44:33)   WARN:   set tolls failed index lookup 8002, link 328219-328281
19-May-2025 (09:44:33)   WARN:   set tolls failed index lookup 8002, link 328222-328112
19-May-2025 (09:44:33)   WARN:   set tolls failed index lookup 8002, link 328227-328212
19-May-2025 (09:44:33)   WARN:   set tolls failed index lookup 8002, link 328228-328283
19-May-2025 (09:44:33)   WARN:   set tolls failed index lookup 8002, link 328232-328164
19-May-2025 (09:44:33)   WARN:   set tolls failed index lookup 8002, link 328236-328201
19-May-2025 (09:44:33)   WARN:   set tolls failed index lookup 8002, link 328241-328217
19-May-2025 (09:44:33)   WARN:   set tolls failed index lookup 8002, link 328244-328181
19-May-2025 (09:44:33)   WARN:   set tolls failed index lookup 8002, link 328246-328236
19-May-2025 (09:44:33)   WARN:   set tolls failed index lookup 8002, link 328249-328183
19-May-2025 (09:44:33)   WARN:   set tolls failed index lookup 8002, link 328254-328130
19-May-2025 (09:44:33)   WARN:   set tolls failed index lookup 8002, link 328257-328128
19-May-2025 (09:44:33)   WARN:   set tolls failed index lookup 8002, link 328262-328275
19-May-2025 (09:44:33)   WARN:   set tolls failed index lookup 8002, link 328264-328204
19-May-2025 (09:44:33)   WARN:   set tolls failed index lookup 8002, link 328267-328134
19-May-2025 (09:44:33)   WARN:   set tolls failed index lookup 8002, link 328268-328254
19-May-2025 (09:44:33)   WARN:   set tolls failed index lookup 8002, link 328269-328138
19-May-2025 (09:44:33)   WARN:   set tolls failed index lookup 8002, link 328274-328145
19-May-2025 (09:44:33)   WARN:   set tolls failed index lookup 8002, link 328275-328158
19-May-2025 (09:44:33)   WARN:   set tolls failed index lookup 8002, link 328277-328269
19-May-2025 (09:44:33)   WARN:   set tolls failed index lookup 8002, link 328281-328171
19-May-2025 (09:44:33)   WARN:   set tolls failed index lookup 8002, link 328283-328156
19-May-2025 (09:44:33)   WARN:   set tolls failed index lookup 8002, link 328287-328148
19-May-2025 (09:44:33)   WARN:   set tolls failed index lookup 8002, link 328288-328178
19-May-2025 (09:44:33)   WARN:   set tolls failed index lookup 3002, link 328289-328137
19-May-2025 (09:44:33)   WARN:   set tolls failed index lookup 3002, link 328290-328267
19-May-2025 (09:44:33)   WARN:   set tolls failed index lookup 3002, link 328291-328288
19-May-2025 (09:44:33)   WARN:   set tolls failed index lookup 3002, link 328292-328203
19-May-2025 (09:44:33)   WARN:   set tolls failed index lookup 3002, link 328293-328162
19-May-2025 (09:44:33)   WARN:   set tolls failed index lookup 2002, link 328302-328315
19-May-2025 (09:44:33)   WARN:   set tolls failed index lookup 4002, link 328488-326953
19-May-2025 (09:57:21)   WARN:   set tolls failed index lookup 8002, link 328188-328206
19-May-2025 (09:57:21)   WARN:   set tolls failed index lookup 8002, link 328192-328219
19-May-2025 (09:57:21)   WARN:   set tolls failed index lookup 8002, link 328193-328268
19-May-2025 (09:57:21)   WARN:   set tolls failed index lookup 8002, link 328199-328211
19-May-2025 (09:57:21)   WARN:   set tolls failed index lookup 8002, link 328201-328151
19-May-2025 (09:57:21)   WARN:   set tolls failed index lookup 8002, link 328203-328216
19-May-2025 (09:57:21)   WARN:   set tolls failed index lookup 8002, link 328204-328246
19-May-2025 (09:57:21)   WARN:   set tolls failed index lookup 8002, link 328208-328290
19-May-2025 (09:57:21)   WARN:   set tolls failed index lookup 8002, link 328209-328169
19-May-2025 (09:57:21)   WARN:   set tolls failed index lookup 8002, link 328211-328186
19-May-2025 (09:57:21)   WARN:   set tolls failed index lookup 8002, link 328212-328264
19-May-2025 (09:57:21)   WARN:   set tolls failed index lookup 8002, link 328216-328222
19-May-2025 (09:57:21)   WARN:   set tolls failed index lookup 8002, link 328217-328291
19-May-2025 (09:57:21)   WARN:   set tolls failed index lookup 8002, link 328219-328281
19-May-2025 (09:57:21)   WARN:   set tolls failed index lookup 8002, link 328222-328112
19-May-2025 (09:57:21)   WARN:   set tolls failed index lookup 8002, link 328227-328212
19-May-2025 (09:57:21)   WARN:   set tolls failed index lookup 8002, link 328228-328283
19-May-2025 (09:57:21)   WARN:   set tolls failed index lookup 8002, link 328232-328164
19-May-2025 (09:57:21)   WARN:   set tolls failed index lookup 8002, link 328236-328201
19-May-2025 (09:57:21)   WARN:   set tolls failed index lookup 8002, link 328241-328217
19-May-2025 (09:57:21)   WARN:   set tolls failed index lookup 8002, link 328244-328181
19-May-2025 (09:57:21)   WARN:   set tolls failed index lookup 8002, link 328246-328236
19-May-2025 (09:57:21)   WARN:   set tolls failed index lookup 8002, link 328249-328183
19-May-2025 (09:57:21)   WARN:   set tolls failed index lookup 8002, link 328254-328130
19-May-2025 (09:57:21)   WARN:   set tolls failed index lookup 8002, link 328257-328128
19-May-2025 (09:57:21)   WARN:   set tolls failed index lookup 8002, link 328262-328275
19-May-2025 (09:57:21)   WARN:   set tolls failed index lookup 8002, link 328264-328204
19-May-2025 (09:57:21)   WARN:   set tolls failed index lookup 8002, link 328267-328134
19-May-2025 (09:57:21)   WARN:   set tolls failed index lookup 8002, link 328268-328254
19-May-2025 (09:57:21)   WARN:   set tolls failed index lookup 8002, link 328269-328138
19-May-2025 (09:57:21)   WARN:   set tolls failed index lookup 8002, link 328274-328145
19-May-2025 (09:57:21)   WARN:   set tolls failed index lookup 8002, link 328275-328158
19-May-2025 (09:57:21)   WARN:   set tolls failed index lookup 8002, link 328277-328269
19-May-2025 (09:57:21)   WARN:   set tolls failed index lookup 8002, link 328281-328171
19-May-2025 (09:57:21)   WARN:   set tolls failed index lookup 8002, link 328283-328156
19-May-2025 (09:57:21)   WARN:   set tolls failed index lookup 8002, link 328287-328148
19-May-2025 (09:57:21)   WARN:   set tolls failed index lookup 8002, link 328288-328178
19-May-2025 (09:57:21)   WARN:   set tolls failed index lookup 3002, link 328289-328137
19-May-2025 (09:57:21)   WARN:   set tolls failed index lookup 3002, link 328290-328267
19-May-2025 (09:57:21)   WARN:   set tolls failed index lookup 3002, link 328291-328288
19-May-2025 (09:57:21)   WARN:   set tolls failed index lookup 3002, link 328292-328203
19-May-2025 (09:57:21)   WARN:   set tolls failed index lookup 3002, link 328293-328162
19-May-2025 (09:57:21)   WARN:   set tolls failed index lookup 2002, link 328302-328315
19-May-2025 (09:57:21)   WARN:   set tolls failed index lookup 4002, link 328488-326953
19-May-2025 (10:09:22)   INFO: End Prepare network attributes and modes
19-May-2025 (10:09:22)   INFO: Start SkimMAZCosts run
19-May-2025 (10:21:51)   INFO: End SkimMAZCosts run
19-May-2025 (10:21:51)   INFO: Start Prepare transit network attributes and update times from auto network.
19-May-2025 (10:21:51) STATUS:   Start period EA
19-May-2025 (10:31:03) STATUS:   End period EA
19-May-2025 (10:31:03) STATUS:   Start period AM
19-May-2025 (10:40:16) STATUS:   End period AM
19-May-2025 (10:40:16) STATUS:   Start period MD
19-May-2025 (10:50:15) STATUS:   End period MD
19-May-2025 (10:50:15) STATUS:   Start period PM
19-May-2025 (11:01:00) STATUS:   End period PM
19-May-2025 (11:01:00) STATUS:   Start period EV
19-May-2025 (11:10:11) STATUS:   End period EV
19-May-2025 (11:10:17)   INFO: End Prepare transit network attributes and update times from auto network.
19-May-2025 (11:10:17)   INFO: Start iteration 1
19-May-2025 (11:10:17)   INFO: Start HouseholdModel run
19-May-2025 (12:53:42)   INFO:   Start Prepare household demand matrices.
19-May-2025 (13:20:25)   INFO:   End Prepare household demand matrices.
19-May-2025 (13:20:25)   INFO: End HouseholdModel run
19-May-2025 (13:20:25)   INFO: Start InternalExternal run
19-May-2025 (13:20:30)   INFO:   Start TimePeriodSplit run
19-May-2025 (13:20:44)   INFO:   End TimePeriodSplit run
19-May-2025 (13:20:44)   INFO:   Start ExternalTollChoice run
19-May-2025 (13:24:14)   INFO:   End ExternalTollChoice run
19-May-2025 (13:24:14)   INFO:   Start InternalExternal _export_results
19-May-2025 (13:26:50)   INFO:   End InternalExternal _export_results
19-May-2025 (13:26:52)   INFO: End InternalExternal run
19-May-2025 (13:26:52)   INFO: Start CommercialVehicleModel run
19-May-2025 (13:26:52)   INFO:   Start CommercialVehicleTripGeneration run
19-May-2025 (13:26:52)   INFO:   End CommercialVehicleTripGeneration run
19-May-2025 (13:26:52)   INFO:   Start CommercialVehicleTripDistribution run
19-May-2025 (13:27:26)   INFO:   End CommercialVehicleTripDistribution run
19-May-2025 (13:27:26)   INFO:   Start CommercialVehicleTimeOfDay run
19-May-2025 (13:27:29)   INFO:   End CommercialVehicleTimeOfDay run
19-May-2025 (13:27:29)   INFO:   Start CommercialVehicleTollChoice run
19-May-2025 (13:32:07)   INFO:   End CommercialVehicleTollChoice run
19-May-2025 (13:36:06)   INFO: End CommercialVehicleModel run
19-May-2025 (13:36:06)   INFO: Start AssignMAZSPDemand run
19-May-2025 (13:36:06) STATUS:   Start MAZ assign for period EA scenario 11
19-May-2025 (13:37:40) STATUS:   End MAZ assign for period EA scenario 11
19-May-2025 (13:37:40) STATUS:   Start MAZ assign for period AM scenario 12
19-May-2025 (13:38:15) STATUS:   End MAZ assign for period AM scenario 12
19-May-2025 (13:38:15) STATUS:   Start MAZ assign for period MD scenario 13
19-May-2025 (13:38:51) STATUS:   End MAZ assign for period MD scenario 13
19-May-2025 (13:38:51) STATUS:   Start MAZ assign for period PM scenario 14
19-May-2025 (13:39:52) STATUS:   End MAZ assign for period PM scenario 14
19-May-2025 (13:39:52) STATUS:   Start MAZ assign for period EV scenario 15
19-May-2025 (13:40:28) STATUS:   End MAZ assign for period EV scenario 15
19-May-2025 (13:40:28)   INFO: End AssignMAZSPDemand run
19-May-2025 (13:40:28) STATUS: Start Highway assignment and skims
19-May-2025 (13:42:30) STATUS:   Start Highway assignment for period EA
19-May-2025 (13:42:30)   INFO:     Start Run SOLA assignment without path analyses
19-May-2025 (13:45:57)   INFO:     End Run SOLA assignment without path analyses
19-May-2025 (13:46:06)   INFO:     Start Run SOLA assignment with path analyses
19-May-2025 (13:56:49)   INFO:     End Run SOLA assignment with path analyses
19-May-2025 (14:06:59) STATUS:   End Highway assignment for period EA
19-May-2025 (14:06:59) STATUS:   Start Highway assignment for period AM
19-May-2025 (14:06:59)   INFO:     Start Run SOLA assignment without path analyses
19-May-2025 (14:11:36)   INFO:     End Run SOLA assignment without path analyses
19-May-2025 (14:11:44)   INFO:     Start Run SOLA assignment with path analyses
19-May-2025 (14:27:03)   INFO:     End Run SOLA assignment with path analyses
19-May-2025 (14:37:51) STATUS:   End Highway assignment for period AM
19-May-2025 (14:37:52) STATUS:   Start Highway assignment for period MD
19-May-2025 (14:37:52)   INFO:     Start Run SOLA assignment without path analyses
19-May-2025 (14:43:34)   INFO:     End Run SOLA assignment without path analyses
19-May-2025 (14:43:43)   INFO:     Start Run SOLA assignment with path analyses
19-May-2025 (15:03:11)   INFO:     End Run SOLA assignment with path analyses
19-May-2025 (15:13:56) STATUS:   End Highway assignment for period MD
19-May-2025 (15:13:56) STATUS:   Start Highway assignment for period PM
19-May-2025 (15:13:56)   INFO:     Start Run SOLA assignment without path analyses
19-May-2025 (15:21:38)   INFO:     End Run SOLA assignment without path analyses
19-May-2025 (15:21:47)   INFO:     Start Run SOLA assignment with path analyses
19-May-2025 (15:45:50)   INFO:     End Run SOLA assignment with path analyses
19-May-2025 (15:56:34) STATUS:   End Highway assignment for period PM
19-May-2025 (15:56:34) STATUS:   Start Highway assignment for period EV
19-May-2025 (15:56:35)   INFO:     Start Run SOLA assignment without path analyses
19-May-2025 (16:00:04)   INFO:     End Run SOLA assignment without path analyses
19-May-2025 (16:00:13)   INFO:     Start Run SOLA assignment with path analyses
19-May-2025 (16:10:56)   INFO:     End Run SOLA assignment with path analyses
19-May-2025 (16:21:33) STATUS:   End Highway assignment for period EV
19-May-2025 (16:21:33) STATUS: End Highway assignment and skims
19-May-2025 (16:21:33)   INFO: Start Transit assignments
19-May-2025 (16:21:33)   INFO:   Start Prepare transit demand
19-May-2025 (16:21:56)   INFO:   End Prepare transit demand
19-May-2025 (16:29:46)   INFO:   Start Transit assignments for a time period
19-May-2025 (17:01:48)   INFO:   End Transit assignments for a time period
19-May-2025 (18:05:23)   INFO:   Start Transit assignments for a time period
19-May-2025 (18:38:39)   INFO:   End Transit assignments for a time period
19-May-2025 (19:47:37)   INFO:   Start Transit assignments for a time period
19-May-2025 (20:21:56)   INFO:   End Transit assignments for a time period
19-May-2025 (21:31:01)   INFO:   Start Transit assignments for a time period
19-May-2025 (22:04:34)   INFO:   End Transit assignments for a time period
19-May-2025 (23:17:15)   INFO:   Start Transit assignments for a time period
19-May-2025 (23:51:18)   INFO:   End Transit assignments for a time period
20-May-2025 (00:53:14)   INFO: End Transit assignments
20-May-2025 (00:53:14)   INFO: Start Transit skims
20-May-2025 (00:53:14) STATUS:   Start period transit skims
20-May-2025 (07:24:32) STATUS:   End period transit skims
20-May-2025 (07:24:32)   INFO: End Transit skims
20-May-2025 (07:24:32)   INFO: Start iteration 2
20-May-2025 (07:24:32)   INFO: Start HouseholdModel run
20-May-2025 (09:49:42)   INFO:   Start Prepare household demand matrices.
20-May-2025 (10:20:49)   INFO:   End Prepare household demand matrices.
20-May-2025 (10:20:49)   INFO: End HouseholdModel run
20-May-2025 (10:20:49)   INFO: Start InternalExternal run
20-May-2025 (10:20:50)   INFO:   Start TimePeriodSplit run
20-May-2025 (10:21:04)   INFO:   End TimePeriodSplit run
20-May-2025 (10:21:04)   INFO:   Start ExternalTollChoice run
20-May-2025 (10:25:11)   INFO:   End ExternalTollChoice run
20-May-2025 (10:25:11)   INFO:   Start InternalExternal _export_results
20-May-2025 (10:28:04)   INFO:   End InternalExternal _export_results
20-May-2025 (10:28:05)   INFO: End InternalExternal run
20-May-2025 (10:28:05)   INFO: Start CommercialVehicleModel run
20-May-2025 (10:28:05)   INFO:   Start CommercialVehicleTripGeneration run
20-May-2025 (10:28:06)   INFO:   End CommercialVehicleTripGeneration run
20-May-2025 (10:28:06)   INFO:   Start CommercialVehicleTripDistribution run
20-May-2025 (10:28:16)   INFO:   End CommercialVehicleTripDistribution run
20-May-2025 (10:28:16)   INFO:   Start CommercialVehicleTimeOfDay run
20-May-2025 (10:28:19)   INFO:   End CommercialVehicleTimeOfDay run
20-May-2025 (10:28:19)   INFO:   Start CommercialVehicleTollChoice run
20-May-2025 (10:33:53)   INFO:   End CommercialVehicleTollChoice run
20-May-2025 (10:38:04)   INFO: End CommercialVehicleModel run
20-May-2025 (10:38:04)   INFO: Start AssignMAZSPDemand run
20-May-2025 (10:38:04) STATUS:   Start MAZ assign for period EA scenario 11
20-May-2025 (10:39:01) STATUS:   End MAZ assign for period EA scenario 11
20-May-2025 (10:39:01) STATUS:   Start MAZ assign for period AM scenario 12
20-May-2025 (10:40:51) STATUS:   End MAZ assign for period AM scenario 12
20-May-2025 (10:40:51) STATUS:   Start MAZ assign for period MD scenario 13
20-May-2025 (10:41:46) STATUS:   End MAZ assign for period MD scenario 13
20-May-2025 (10:41:46) STATUS:   Start MAZ assign for period PM scenario 14
20-May-2025 (10:42:42) STATUS:   End MAZ assign for period PM scenario 14
20-May-2025 (10:42:42) STATUS:   Start MAZ assign for period EV scenario 15
20-May-2025 (10:43:38) STATUS:   End MAZ assign for period EV scenario 15
20-May-2025 (10:43:38)   INFO: End AssignMAZSPDemand run
20-May-2025 (10:43:38) STATUS: Start Highway assignment and skims
20-May-2025 (10:47:46) STATUS:   Start Highway assignment for period EA
20-May-2025 (10:47:46)   INFO:     Start Run SOLA assignment with path analyses
20-May-2025 (10:57:29)   INFO:     End Run SOLA assignment with path analyses
20-May-2025 (11:19:05) STATUS:   End Highway assignment for period EA
20-May-2025 (11:19:05) STATUS:   Start Highway assignment for period AM
20-May-2025 (11:19:05)   INFO:     Start Run SOLA assignment with path analyses
20-May-2025 (11:32:58)   INFO:     End Run SOLA assignment with path analyses
20-May-2025 (11:58:18) STATUS:   End Highway assignment for period AM
20-May-2025 (11:58:18) STATUS:   Start Highway assignment for period MD
20-May-2025 (11:58:18)   INFO:     Start Run SOLA assignment with path analyses
